08/18/23 08:02:13, =====================================
08/18/23 08:02:13, System/Build Info: 
08/18/23 08:02:13, detected AMD Athlon Silver 3050U with Radeon Graphics   
detected L1 = 32768 bytes, L2 = 4194304 bytes, CL = 64 bytes
08/18/23 08:02:13, using 1 random witness for Rabin-Miller PRP checks
08/18/23 08:02:13, Cached 664579 primes: max prime is 9999991
08/18/23 08:02:13, Could not parse yafu.ini from d:\Programming\Cyber Security\CTF\Pico-CTF\Cryptography\SRA

08/18/23 08:02:13, Random seed: 1667186924344468992
08/18/23 08:02:13, Processing: factor(98335134141771522844435237605638162416832119670134195900831366152253801946582)
08/18/23 08:02:14, Result    : 1
08/18/23 08:02:14, Processing: factor(90191458471275419343108371131829073484889111287551013536832598638575250354184)
08/18/23 08:02:15, Result    : 1
08/18/23 08:02:15, Processing: factor(60248336133132198672515982539545863799752068965016895746535494068786964665693)
08/18/23 08:02:16, Result    : 1
08/18/23 08:02:16, Processing: factor(49167567070885761422217618802819081208416059835067097950415683076126900973291)
08/18/23 08:02:17, Result    : 1
08/18/23 08:02:17, Processing: factor(45095729235637709671554185565914536742444555643775506768416299319287625177092)
08/18/23 08:02:18, Result    : 1
08/18/23 08:02:18, Processing: factor(43816971733187053580011623665124264581637868338194105997480359322754156120504)
08/18/23 08:02:19, Result    : 1
08/18/23 08:02:19, Processing: factor(43760665635966529515706760213570207799197173207625577022245125331631158638216)
08/18/23 08:02:20, Result    : 1
08/18/23 08:02:20, Processing: factor(35758230597007826488885540947504786333393498061866980327575042237183200707848)
08/18/23 08:02:21, Result    : 1
08/18/23 09:06:55, =====================================
08/18/23 09:06:55, System/Build Info: 
08/18/23 09:06:55, detected AMD Athlon Silver 3050U with Radeon Graphics   
detected L1 = 32768 bytes, L2 = 4194304 bytes, CL = 64 bytes
08/18/23 09:06:55, using 1 random witness for Rabin-Miller PRP checks
08/18/23 09:06:55, Cached 664579 primes: max prime is 9999991
08/18/23 09:06:55, Could not parse yafu.ini from d:\Programming\Cyber Security\CTF\Pico-CTF\Cryptography\SRA

08/18/23 09:06:55, Random seed: 8423806336046201832
08/18/23 09:06:55, Processing: factor(114962112578408419605639043904113499361793498272774990605496127577961363333144)
08/18/23 09:06:58, Result    : 1
08/18/23 09:06:58, Processing: factor(95801760482007016338032536586761249468161248560645825504580106314967802777620)
08/18/23 09:07:00, Result    : 1
08/18/23 09:07:00, Processing: factor(71851320361505262253524402440070937101120936420484369128435079736225852083215)
08/18/23 09:07:01, Result    : 1
08/18/23 09:07:01, Processing: factor(63867840321338010892021691057840832978774165707097217003053404209978535185080)
08/18/23 09:07:03, Result    : 1
08/18/23 09:07:03, Processing: factor(57481056289204209802819521952056749680896749136387495302748063788980681666572)
08/18/23 09:07:05, Result    : 1
08/18/23 09:07:05, Processing: factor(47900880241003508169016268293380624734080624280322912752290053157483901388810)
08/18/23 09:07:06, Result    : 1
08/18/23 09:07:06, Processing: factor(38320704192802806535213014634704499787264499424258330201832042525987121111048)
08/18/23 09:07:07, Result    : 1
08/18/23 09:07:07, Processing: factor(33812386052473064589893836442386323341703970080227938413381213993518048039160)
08/18/23 09:07:08, Result    : 1
08/18/23 09:07:08, Processing: factor(31933920160669005446010845528920416489387082853548608501526702104989267592540)
08/18/23 09:07:10, Result    : 1
08/18/23 09:07:34, =====================================
08/18/23 09:07:34, System/Build Info: 
08/18/23 09:07:34, detected AMD Athlon Silver 3050U with Radeon Graphics   
detected L1 = 32768 bytes, L2 = 4194304 bytes, CL = 64 bytes
08/18/23 09:07:34, using 1 random witness for Rabin-Miller PRP checks
08/18/23 09:07:34, Cached 664579 primes: max prime is 9999991
08/18/23 09:07:34, Could not parse yafu.ini from d:\Programming\Cyber Security\CTF\Pico-CTF\Cryptography\SRA

08/18/23 09:07:34, Random seed: 3175787233036795876
08/18/23 09:07:34, Processing: factor(110069545939199674453909791763195640464988965879415815846012068864595000028126)
08/18/23 09:08:05, Result    : 1
08/18/23 09:08:05, Processing: factor(75740925175983934401452777500416802102145872560588110903938997882072797049057)
08/18/23 09:08:07, Result    : 1
08/18/23 09:08:07, Processing: factor(71926633980071074395624220360108042284052195525162810354819767772903663384716)
08/18/23 09:08:08, Result    : 1
08/18/23 09:08:08, Processing: factor(55034772969599837226954895881597820232494482939707907923006034432297500014063)
08/18/23 09:08:09, Result    : 1
08/18/23 09:08:09, Processing: factor(35963316990035537197812110180054021142026097762581405177409883886451831692358)
08/18/23 09:08:11, Result    : 1
08/18/23 09:08:33, =====================================
08/18/23 09:08:33, System/Build Info: 
08/18/23 09:08:33, detected AMD Athlon Silver 3050U with Radeon Graphics   
detected L1 = 32768 bytes, L2 = 4194304 bytes, CL = 64 bytes
08/18/23 09:08:33, using 1 random witness for Rabin-Miller PRP checks
08/18/23 09:08:33, Cached 664579 primes: max prime is 9999991
08/18/23 09:08:33, Could not parse yafu.ini from d:\Programming\Cyber Security\CTF\Pico-CTF\Cryptography\SRA

08/18/23 09:08:33, Random seed: 15017845063144902784
08/18/23 09:08:33, Processing: factor(114976485771449718037902086285006966668184402385695495150346628854033715896264)
08/18/23 09:09:26, Result    : 1
08/18/23 09:09:26, Processing: factor(110606698306295903482660990211983503472996742472714965472865537826511210405636)
08/18/23 09:09:30, Result    : 1
08/18/23 09:09:30, Processing: factor(73737798870863935655107326807989002315331161648476643648577025217674140270424)
08/18/23 09:09:34, Result    : 1
08/18/23 09:09:34, Processing: factor(57488242885724859018951043142503483334092201192847747575173314427016857948132)
08/18/23 09:09:37, Result    : 1
08/18/23 09:09:37, Processing: factor(55303349153147951741330495105991751736498371236357482736432768913255605202818)
08/18/23 09:09:39, Result    : 1
08/18/23 09:09:40, Processing: factor(38325495257149906012634028761668988889394800795231831716782209618011238632088)
08/18/23 09:09:42, Result    : 1
08/18/23 09:09:42, Processing: factor(36868899435431967827553663403994501157665580824238321824288512608837070135212)
08/18/23 09:09:46, Result    : 1
08/18/23 09:14:47, =====================================
08/18/23 09:14:47, System/Build Info: 
08/18/23 09:14:47, detected AMD Athlon Silver 3050U with Radeon Graphics   
detected L1 = 32768 bytes, L2 = 4194304 bytes, CL = 64 bytes
08/18/23 09:14:47, using 1 random witness for Rabin-Miller PRP checks
08/18/23 09:14:47, Cached 664579 primes: max prime is 9999991
08/18/23 09:14:47, Could not parse yafu.ini from d:\Programming\Cyber Security\CTF\Pico-CTF\Cryptography\SRA

08/18/23 09:14:47, Random seed: 3995853385259298688
08/18/23 09:14:47, Processing: factor(96854607498410071827069069676538237424183529150332417192593499873834112314624)
08/18/23 09:14:47, Result    : 1
08/18/23 09:14:47, Processing: factor(64569738332273381218046046451025491616122352766888278128395666582556074876416)
08/18/23 09:14:47, Result    : 1
08/18/23 09:14:47, Processing: factor(48427303749205035913534534838269118712091764575166208596296749936917056157312)
08/18/23 09:14:47, Result    : 1
08/18/23 09:14:47, Processing: factor(32284869166136690609023023225512745808061176383444139064197833291278037438208)
08/18/23 09:14:47, Result    : 1
08/18/23 09:14:47, Processing: factor(29731639929603698307962689140635426337261212908683920103317956923662888205312)
08/18/23 09:14:48, Result    : 1
08/18/23 09:24:30, =====================================
08/18/23 09:24:30, System/Build Info: 
08/18/23 09:24:30, detected AMD Athlon Silver 3050U with Radeon Graphics   
detected L1 = 32768 bytes, L2 = 4194304 bytes, CL = 64 bytes
08/18/23 09:24:30, using 1 random witness for Rabin-Miller PRP checks
08/18/23 09:24:30, Cached 664579 primes: max prime is 9999991
08/18/23 09:24:30, Could not parse yafu.ini from d:\Programming\Cyber Security\CTF\Pico-CTF\Cryptography\SRA

08/18/23 09:24:30, Random seed: 16706147389034391116
08/18/23 09:24:30, Processing: factor(77875326266364327479116790112309701486097176884033020878398834549107061360928)
08/18/23 09:24:34, Result    : 1
08/18/23 09:24:34, Processing: factor(63011790059135037396919891551075702968150938807231875357605783448226481544002)
08/18/23 09:24:38, Result    : 1
08/18/23 09:24:38, Processing: factor(38937663133182163739558395056154850743048588442016510439199417274553530680464)
08/18/23 09:24:41, Result    : 1
08/18/23 09:24:41, Processing: factor(36730283765886916097404047223368421530854852093482001515428432501759857237216)
08/18/23 09:24:44, Result    : 1
08/18/23 09:24:44, Processing: factor(31505895029567518698459945775537851484075469403615937678802891724113240772001)
08/18/23 09:24:47, Result    : 1
08/18/23 09:24:53, =====================================
08/18/23 09:24:53, System/Build Info: 
08/18/23 09:24:53, detected AMD Athlon Silver 3050U with Radeon Graphics   
detected L1 = 32768 bytes, L2 = 4194304 bytes, CL = 64 bytes
08/18/23 09:24:53, using 1 random witness for Rabin-Miller PRP checks
08/18/23 09:24:53, Cached 664579 primes: max prime is 9999991
08/18/23 09:24:53, Could not parse yafu.ini from d:\Programming\Cyber Security\CTF\Pico-CTF\Cryptography\SRA

08/18/23 09:24:53, Random seed: 8900532184915747920
08/18/23 09:24:53, Processing: factor(107917827272513572350990061699910901419682065961909822996779101896483527527011)
08/18/23 09:24:54, Result    : 1
08/18/23 09:24:54, Processing: factor(104379537853742635552596944922864642356741670356601304209999459211352920067109)
08/18/23 09:24:55, Result    : 1
08/18/23 09:24:55, Processing: factor(78485692561828052618901863054480655577950593426843507634021165015624383656008)
08/18/23 09:24:56, Result    : 1
08/18/23 09:24:56, Processing: factor(75912391166358280401888687216628830804903032986619130334545061244620305503352)
08/18/23 09:24:58, Result    : 1
08/18/23 09:24:58, Processing: factor(71945218181675714900660041133273934279788043974606548664519401264322351684674)
08/18/23 09:24:59, Result    : 1
08/18/23 09:24:59, Processing: factor(69586358569161757035064629948576428237827780237734202806666306140901946711406)
08/18/23 09:25:00, Result    : 1
08/18/23 09:25:00, Processing: factor(39242846280914026309450931527240327788975296713421753817010582507812191828004)
08/18/23 09:25:01, Result    : 1
08/18/23 09:25:01, Processing: factor(37956195583179140200944343608314415402451516493309565167272530622310152751676)
08/18/23 09:25:02, Result    : 1
08/18/23 09:25:02, Processing: factor(35972609090837857450330020566636967139894021987303274332259700632161175842337)
08/18/23 09:25:03, Result    : 1
08/18/23 09:25:03, Processing: factor(34793179284580878517532314974288214118913890118867101403333153070450973355703)
08/18/23 09:25:05, Result    : 1
08/18/23 09:25:34, =====================================
08/18/23 09:25:34, System/Build Info: 
08/18/23 09:25:34, detected AMD Athlon Silver 3050U with Radeon Graphics   
detected L1 = 32768 bytes, L2 = 4194304 bytes, CL = 64 bytes
08/18/23 09:25:34, using 1 random witness for Rabin-Miller PRP checks
08/18/23 09:25:34, Cached 664579 primes: max prime is 9999991
08/18/23 09:25:34, Could not parse yafu.ini from d:\Programming\Cyber Security\CTF\Pico-CTF\Cryptography\SRA

08/18/23 09:25:34, Random seed: 10297968548416662120
08/18/23 09:25:34, Processing: factor(105652296659817723003306978868195718341865659167800046764293576374362211582857)
08/18/23 09:25:34, Result    : 1
08/18/23 09:25:34, Processing: factor(78946505096666438150785148793518564354013740604281619475606305949152051050713)
08/18/23 09:25:35, Result    : 1
08/18/23 09:25:35, Processing: factor(78925568698461823778761780011978013713733629702745286429807312026485275305672)
08/18/23 09:25:35, Result    : 1
08/18/23 09:25:35, Processing: factor(74089871235884568311015670730983012043676095132276686921010476550200010733807)
08/18/23 09:25:35, Result    : 1
08/18/23 09:25:35, Processing: factor(39462784349230911889380890005989006856866814851372643214903656013242637652836)
08/18/23 09:25:36, Result    : 1
08/18/23 09:26:16, =====================================
08/18/23 09:26:16, System/Build Info: 
08/18/23 09:26:16, detected AMD Athlon Silver 3050U with Radeon Graphics   
detected L1 = 32768 bytes, L2 = 4194304 bytes, CL = 64 bytes
08/18/23 09:26:16, using 1 random witness for Rabin-Miller PRP checks
08/18/23 09:26:16, Cached 664579 primes: max prime is 9999991
08/18/23 09:26:16, Could not parse yafu.ini from d:\Programming\Cyber Security\CTF\Pico-CTF\Cryptography\SRA

08/18/23 09:26:16, Random seed: 4052435063074769048
08/18/23 09:26:16, Processing: factor(71593191995505899654704406452723188169695685392141889829006957164275587337372)
08/18/23 09:26:25, Result    : 1
08/18/23 09:27:39, =====================================
08/18/23 09:27:39, System/Build Info: 
08/18/23 09:27:39, detected AMD Athlon Silver 3050U with Radeon Graphics   
detected L1 = 32768 bytes, L2 = 4194304 bytes, CL = 64 bytes
08/18/23 09:27:39, using 1 random witness for Rabin-Miller PRP checks
08/18/23 09:27:39, Cached 664579 primes: max prime is 9999991
08/18/23 09:27:39, Could not parse yafu.ini from d:\Programming\Cyber Security\CTF\Pico-CTF\Cryptography\SRA

08/18/23 09:27:39, Random seed: 2392910742305857672
08/18/23 09:27:39, Processing: factor(113699681028790997998374204978166555477516888476542590032367063333825368038720)
08/18/23 09:27:41, Result    : 1
08/18/23 09:27:41, Processing: factor(92380990835892685873679041544760326325482471887190854401298238958733111531460)
08/18/23 09:27:43, Result    : 1
08/18/23 09:27:43, Processing: factor(73904792668714148698943233235808261060385977509752683521038591166986489225168)
08/18/23 09:27:45, Result    : 1
08/18/23 09:27:45, Processing: factor(56849840514395498999187102489083277738758444238271295016183531666912684019360)
08/18/23 09:27:47, Result    : 1
08/18/23 09:27:47, Processing: factor(55599719014363050671856833231553007354935527145242657527049886189607427543680)
08/18/23 09:27:50, Result    : 1
08/18/23 09:27:50, Processing: factor(46190495417946342936839520772380163162741235943595427200649119479366555765730)
08/18/23 09:27:51, Result    : 1
08/18/23 09:27:51, Processing: factor(45479872411516399199349681991266622191006755390617036012946825333530147215488)
08/18/23 09:27:53, Result    : 1
08/18/23 09:27:53, Processing: factor(36952396334357074349471616617904130530192988754876341760519295583493244612584)
08/18/23 09:27:55, Result    : 1
08/18/23 09:28:35, =====================================
08/18/23 09:28:35, System/Build Info: 
08/18/23 09:28:35, detected AMD Athlon Silver 3050U with Radeon Graphics   
detected L1 = 32768 bytes, L2 = 4194304 bytes, CL = 64 bytes
08/18/23 09:28:35, using 1 random witness for Rabin-Miller PRP checks
08/18/23 09:28:35, Cached 664579 primes: max prime is 9999991
08/18/23 09:28:35, Could not parse yafu.ini from d:\Programming\Cyber Security\CTF\Pico-CTF\Cryptography\SRA

08/18/23 09:28:35, Random seed: 9205035291741334544
08/18/23 09:28:35, Processing: factor(94083056093410620887655453330890733442547509709735822898452247673237340479882)
08/18/23 09:28:36, Result    : 1
08/18/23 09:28:36, Processing: factor(67202182923864729205468180950636238173248221221239873498894462623740957485630)
08/18/23 09:28:36, Result    : 1
08/18/23 09:28:36, Processing: factor(51644636996382918387018506601682264180873334685535177247360422350464411241940)
08/18/23 09:28:37, Result    : 1
08/18/23 09:28:37, Processing: factor(47041528046705310443827726665445366721273754854867911449226123836618670239941)
08/18/23 09:28:38, Result    : 1
08/18/23 09:28:38, Processing: factor(33601091461932364602734090475318119086624110610619936749447231311870478742815)
08/18/23 09:28:38, Result    : 1
08/18/23 09:35:09, =====================================
08/18/23 09:35:09, System/Build Info: 
08/18/23 09:35:09, detected AMD Athlon Silver 3050U with Radeon Graphics   
detected L1 = 32768 bytes, L2 = 4194304 bytes, CL = 64 bytes
08/18/23 09:35:09, using 1 random witness for Rabin-Miller PRP checks
08/18/23 09:35:09, Cached 664579 primes: max prime is 9999991
08/18/23 09:35:09, Could not parse yafu.ini from d:\Programming\Cyber Security\CTF\Pico-CTF\Cryptography\SRA

08/18/23 09:35:09, Random seed: 1017638089544797792
08/18/23 09:35:09, Processing: factor(1996435589594505606436155284836829788499840972233226434765817467778446738883712000)
08/18/23 09:35:13, Result    : 1
08/18/23 09:36:05, =====================================
08/18/23 09:36:05, System/Build Info: 
08/18/23 09:36:05, detected AMD Athlon Silver 3050U with Radeon Graphics   
detected L1 = 32768 bytes, L2 = 4194304 bytes, CL = 64 bytes
08/18/23 09:36:05, using 1 random witness for Rabin-Miller PRP checks
08/18/23 09:36:05, Cached 664579 primes: max prime is 9999991
08/18/23 09:36:05, Could not parse yafu.ini from d:\Programming\Cyber Security\CTF\Pico-CTF\Cryptography\SRA

08/18/23 09:36:05, Random seed: 12910611271522564704
08/18/23 09:36:05, Processing: factor(2519118624322605913663678952254307082183668064718411386195379308364188033067732080)
08/18/23 09:36:06, Result    : 1
08/18/23 09:40:06, =====================================
08/18/23 09:40:06, System/Build Info: 
08/18/23 09:40:06, detected AMD Athlon Silver 3050U with Radeon Graphics   
detected L1 = 32768 bytes, L2 = 4194304 bytes, CL = 64 bytes
08/18/23 09:40:06, using 1 random witness for Rabin-Miller PRP checks
08/18/23 09:40:06, Cached 664579 primes: max prime is 9999991
08/18/23 09:40:06, Could not parse yafu.ini from d:\Programming\Cyber Security\CTF\Pico-CTF\Cryptography\SRA

08/18/23 09:40:06, Random seed: 16199390607997421628
08/18/23 09:40:06, Processing: factor(4538835092650571665820320148336461820840177941863555044745415193206803742684046184)
08/18/23 09:40:07, Result    : 1
08/18/23 09:40:24, =====================================
08/18/23 09:40:24, System/Build Info: 
08/18/23 09:40:24, detected AMD Athlon Silver 3050U with Radeon Graphics   
detected L1 = 32768 bytes, L2 = 4194304 bytes, CL = 64 bytes
08/18/23 09:40:24, using 1 random witness for Rabin-Miller PRP checks
08/18/23 09:40:24, Cached 664579 primes: max prime is 9999991
08/18/23 09:40:24, Could not parse yafu.ini from d:\Programming\Cyber Security\CTF\Pico-CTF\Cryptography\SRA

08/18/23 09:40:24, Random seed: 3770714777551582844
08/18/23 09:40:58, =====================================
08/18/23 09:40:58, System/Build Info: 
08/18/23 09:40:58, detected AMD Athlon Silver 3050U with Radeon Graphics   
detected L1 = 32768 bytes, L2 = 4194304 bytes, CL = 64 bytes
08/18/23 09:40:58, using 1 random witness for Rabin-Miller PRP checks
08/18/23 09:40:58, Cached 664579 primes: max prime is 9999991
08/18/23 09:40:58, Could not parse yafu.ini from d:\Programming\Cyber Security\CTF\Pico-CTF\Cryptography\SRA

08/18/23 09:40:58, Random seed: 15161018152267896652
08/18/23 09:40:58, Processing: factor(105046180134928929692006100034008706641649823539762497422419666443932115705998)
08/18/23 09:40:59, Result    : 1
08/18/23 09:40:59, Processing: factor(99941956625073354823948215149332818676458680344369118723429868614322936718484)
08/18/23 09:40:59, Result    : 1
08/18/23 09:40:59, Processing: factor(97542881553862577571148521460150941881531979001208033320818261697936964584141)
08/18/23 09:40:59, Result    : 1
08/18/23 09:40:59, Processing: factor(91691382330213143913880943673053279435143984663766274580053709950509815910684)
08/18/23 09:40:59, Result    : 1
08/18/23 09:40:59, Processing: factor(81111607445957781154586988633854824115704294125639396743893666494681760228682)
08/18/23 09:41:00, Result    : 1
08/18/23 09:41:00, Processing: factor(80998936786913528090057766535460804357243807538438897512411663901967936419502)
08/18/23 09:41:00, Result    : 1
08/18/23 09:41:00, Processing: factor(79600211033921300760402137913969330498641481191621271338727946000992037988396)
08/18/23 09:41:00, Result    : 1
08/18/23 09:41:00, Processing: factor(76039818208122903921278719604718306131290105036085495623896664071235205618308)
08/18/23 09:41:00, Result    : 1
08/18/23 09:41:00, Processing: factor(75317921199817939643545060874293765250296844545236582690758404602204491640919)
08/18/23 09:41:00, Result    : 1
08/18/23 09:41:00, Processing: factor(71652905619192736387358793473676865392946445130157486260979548836356251448021)
08/18/23 09:41:01, Result    : 1
08/18/23 09:41:01, Processing: factor(63941153125608913725568930455483560564482501285072824517994579574567374777564)
08/18/23 09:41:01, Result    : 1
08/18/23 09:41:01, Processing: factor(61081165445869217903977987879199950826774018799478512878212074417877460250772)
08/18/23 09:41:01, Result    : 1
08/18/23 09:41:01, Processing: factor(60501280963788181025142753817055647496140088241255615604051833205049509678771)
08/18/23 09:41:01, Result    : 1
08/18/23 09:41:01, Processing: factor(59373927902351134173742578280091877667019465478996194195280681033526848007738)
08/18/23 09:41:02, Result    : 1
08/18/23 09:41:02, Processing: factor(53814899721193344905202885080409979287323904800814140851077621561558504386876)
08/18/23 09:41:02, Result    : 1
08/18/23 09:41:02, Processing: factor(52523090067464464846003050017004353320824911769881248711209833221966057852999)
08/18/23 09:41:02, Result    : 1
08/18/23 09:41:02, Processing: factor(49970978312536677411974107574666409338229340172184559361714934307161468359242)
08/18/23 09:41:02, Result    : 1
08/18/23 09:41:02, Processing: factor(49372282793191692876705123516259458157385222511258763235413536127197593182676)
08/18/23 09:41:02, Result    : 1
08/18/23 09:41:03, Processing: factor(47163937875924332811932370387736670891559685402128978298366285310006646522748)
08/18/23 09:41:03, Result    : 1
08/18/23 09:41:03, Processing: factor(45845691165106571956940471836526639717571992331883137290026854975254907955342)
08/18/23 09:41:03, Result    : 1
08/18/23 09:41:03, Processing: factor(40944517496681563649919310556386780224540825788661420720559742192203572256012)
08/18/23 09:41:03, Result    : 1
08/18/23 09:41:03, Processing: factor(40555803722978890577293494316927412057852147062819698371946833247340880114341)
08/18/23 09:41:03, Result    : 1
08/18/23 09:41:04, Processing: factor(40499468393456764045028883267730402178621903769219448756205831950983968209751)
08/18/23 09:41:04, Result    : 1
08/18/23 09:41:04, Processing: factor(39800105516960650380201068956984665249320740595810635669363973000496018994198)
08/18/23 09:41:04, Result    : 1
08/18/23 09:41:04, Processing: factor(38019909104061451960639359802359153065645052518042747811948332035617602809154)
08/18/23 09:41:04, Result    : 1
08/18/23 09:41:04, Processing: factor(34572160550736103442938716466888941426365764709288923202315333260028291245012)
08/18/23 09:41:05, Result    : 1
08/18/23 09:41:05, Processing: factor(31970576562804456862784465227741780282241250642536412258997289787283687388782)
08/18/23 09:41:05, Result    : 1
08/18/23 09:41:05, Processing: factor(30540582722934608951988993939599975413387009399739256439106037208938730125386)
08/18/23 09:41:05, Result    : 1
08/18/23 09:41:05, Processing: factor(30417117233717977555114674175883901336313511409155818741913438273924372044756)
08/18/23 09:41:05, Result    : 1
08/18/23 09:41:05, Processing: factor(30013194324265408483430314295431059040471378154217856406405618983980604487428)
08/18/23 09:41:05, Result    : 1
08/18/23 09:41:05, Processing: factor(29686963951175567086871289140045938833509732739498097097640340516763424003869)
08/18/23 09:41:06, Result    : 1
08/18/23 09:45:43, =====================================
08/18/23 09:45:43, System/Build Info: 
08/18/23 09:45:43, detected AMD Athlon Silver 3050U with Radeon Graphics   
detected L1 = 32768 bytes, L2 = 4194304 bytes, CL = 64 bytes
08/18/23 09:45:43, using 1 random witness for Rabin-Miller PRP checks
08/18/23 09:45:43, Cached 664579 primes: max prime is 9999991
08/18/23 09:45:43, Could not parse yafu.ini from d:\Programming\Cyber Security\CTF\Pico-CTF\Cryptography\SRA

08/18/23 09:45:43, Random seed: 4759992585314025096
08/18/23 09:45:56, =====================================
08/18/23 09:45:56, System/Build Info: 
08/18/23 09:45:56, detected AMD Athlon Silver 3050U with Radeon Graphics   
detected L1 = 32768 bytes, L2 = 4194304 bytes, CL = 64 bytes
08/18/23 09:45:56, using 1 random witness for Rabin-Miller PRP checks
08/18/23 09:45:56, Cached 664579 primes: max prime is 9999991
08/18/23 09:45:56, Could not parse yafu.ini from d:\Programming\Cyber Security\CTF\Pico-CTF\Cryptography\SRA

08/18/23 09:45:56, Random seed: 18292752141528618700
08/18/23 09:45:56, Processing: factor(114460917239573748432024420739162063201583763465256095918145040807246205189504)
08/18/23 09:45:57, Result    : 1
08/18/23 09:45:57, Processing: factor(114162841934262358462149357143487161995329639081231991501691538096810668196823)
08/18/23 09:45:57, Result    : 1
08/18/23 09:45:57, Processing: factor(111832988017236596044554472303824158689302503589778277389412118951977797417296)
08/18/23 09:45:58, Result    : 1
08/18/23 09:45:58, Processing: factor(110147063574765692586596364681153442729162264842193680242838066907475619566784)
08/18/23 09:45:59, Result    : 1
08/18/23 09:45:59, Processing: factor(108444109592471850709871003446132517516899397420391056862460236559493621737984)
08/18/23 09:45:59, Result    : 1
08/18/23 09:45:59, Processing: factor(102426475006440994508096619493222126650015377119610011066938202404615178942944)
08/18/23 09:46:00, Result    : 1
08/18/23 09:46:00, Processing: factor(97853864515082021538985163265846138853139690641055992715735604082980572740134)
08/18/23 09:46:01, Result    : 1
08/18/23 09:46:01, Processing: factor(94888595893412869371137128015365952827286972742842174754652706989556919020736)
08/18/23 09:46:01, Result    : 1
08/18/23 09:46:01, Processing: factor(85206086108370739843470074136246978048992383687450116106218757296744988508416)
08/18/23 09:46:02, Result    : 1
08/18/23 09:46:02, Processing: factor(83027521406736260699744987013445208723876101149986902910321118615862304143144)
08/18/23 09:46:02, Result    : 1
08/18/23 09:46:02, Processing: factor(81333082194353888032403252584599388137674548065293292646845177419620216303488)
08/18/23 09:46:03, Result    : 1
08/18/23 09:46:03, Processing: factor(80106955327102321881160992495384321984845283521595403812973139569073177866752)
08/18/23 09:46:04, Result    : 1
08/18/23 09:46:04, Processing: factor(78039219052526472006168852947216858400011715900655246527191011355897279194624)
08/18/23 09:46:04, Result    : 1
08/18/23 09:46:04, Processing: factor(76307278159715832288016280492774708801055842310170730612096693871497470126336)
08/18/23 09:46:05, Result    : 1
08/18/23 09:46:05, Processing: factor(74555325344824397363036314869216105792868335726518851592941412634651864944864)
08/18/23 09:46:06, Result    : 1
08/18/23 09:46:06, Processing: factor(74491981822866177824070268722343364836374819723352735321409601748811039231232)
08/18/23 09:46:06, Result    : 1
08/18/23 09:46:06, Processing: factor(73431375716510461724397576454102295152774843228129120161892044604983746377856)
08/18/23 09:46:07, Result    : 1
08/18/23 09:46:07, Processing: factor(71166446920059652028352846011524464620465229557131631065989530242167689265552)
08/18/23 09:46:07, Result    : 1
08/18/23 09:46:07, Processing: factor(68284316670960663005397746328814751100010251413073340711292134936410119295296)
08/18/23 09:46:08, Result    : 1
08/18/23 09:46:08, Processing: factor(65406238422613570532585383279521178972333579123003483381797166175569260108288)
08/18/23 09:46:09, Result    : 1
08/18/23 09:46:09, Processing: factor(65235909676721347692656775510564092568759793760703995143823736055320381826756)
08/18/23 09:46:09, Result    : 1
08/18/23 09:46:09, Processing: factor(63904564581278054882602555602185233536744287765587587079664067972558741381312)
08/18/23 09:46:10, Result    : 1
08/18/23 09:46:10, Processing: factor(62941179185580395763769351246373395845235579909824960138764609661414639752448)
08/18/23 09:46:10, Result    : 1
08/18/23 09:46:10, Processing: factor(62270641055052195524808740260083906542907075862490177182740838961896728107358)
08/18/23 09:46:11, Result    : 1
08/18/23 09:46:11, Processing: factor(58529414289394854004626639710412643800008786925491434895393258516922959395968)
08/18/23 09:46:12, Result    : 1
08/18/23 09:46:12, Processing: factor(57230458619786874216012210369581031600791881732628047959072520403623102594752)
08/18/23 09:46:12, Result    : 1
08/18/23 09:46:12, Processing: factor(55916494008618298022277236151912079344651251794889138694706059475988898708648)
08/18/23 09:46:13, Result    : 1
08/18/23 09:46:13, Processing: factor(55073531787382846293298182340576721364581132421096840121419033453737809783392)
08/18/23 09:46:14, Result    : 1
08/18/23 09:46:14, Processing: factor(54222054796235925354935501723066258758449698710195528431230118279746810868992)
08/18/23 09:46:15, Result    : 1
08/18/23 09:46:15, Processing: factor(51213237503220497254048309746611063325007688559805005533469101202307589471472)
08/18/23 09:46:15, Result    : 1
08/18/23 09:46:16, Processing: factor(49661321215244118549380179148228909890916546482235156880939734499207359487488)
08/18/23 09:46:16, Result    : 1
08/18/23 09:46:16, Processing: factor(48926932257541010769492581632923069426569845320527996357867802041490286370067)
08/18/23 09:46:17, Result    : 1
08/18/23 09:46:17, Processing: factor(47444297946706434685568564007682976413643486371421087377326353494778459510368)
08/18/23 09:46:18, Result    : 1
08/18/23 09:46:18, Processing: factor(46476046968202221732801858619771078935814027465881881512482958525497266459136)
08/18/23 09:46:19, Result    : 1
08/18/23 09:46:19, Processing: factor(42603043054185369921735037068123489024496191843725058053109378648372494254208)
08/18/23 09:46:19, Result    : 1
08/18/23 09:46:19, Processing: factor(41960786123720263842512900830915597230157053273216640092509739774276426501632)
08/18/23 09:46:20, Result    : 1
08/18/23 09:46:20, Processing: factor(41622151723481363066190698450604386618757732169184034879325469384453165523456)
08/18/23 09:46:21, Result    : 1
08/18/23 09:46:21, Processing: factor(41513760703368130349872493506722604361938050574993451455160559307931152071572)
08/18/23 09:46:22, Result    : 1
08/18/23 09:46:22, Processing: factor(40666541097176944016201626292299694068837274032646646323422588709810108151744)
08/18/23 09:46:23, Result    : 1
08/18/23 09:46:23, Processing: factor(40053477663551160940580496247692160992422641760797701906486569784536588933376)
08/18/23 09:46:24, Result    : 1
08/18/23 09:46:24, Processing: factor(39019609526263236003084426473608429200005857950327623263595505677948639597312)
08/18/23 09:46:25, Result    : 1
08/18/23 09:46:25, Processing: factor(38153639079857916144008140246387354400527921155085365306048346935748735063168)
08/18/23 09:46:25, Result    : 1
08/18/23 09:46:25, Processing: factor(37277662672412198681518157434608052896434167863259425796470706317325932472432)
08/18/23 09:46:26, Result    : 1
08/18/23 09:46:26, Processing: factor(37245990911433088912035134361171682418187409861676367660704800874405519615616)
08/18/23 09:46:27, Result    : 1
08/18/23 09:46:27, Processing: factor(36715687858255230862198788227051147576387421614064560080946022302491873188928)
08/18/23 09:46:28, Result    : 1
08/18/23 09:46:28, Processing: factor(35583223460029826014176423005762232310232614778565815532994765121083844632776)
08/18/23 09:46:28, Result    : 1
08/18/23 09:46:28, Processing: factor(35303830322332792953062494981356207132036707394558554247352164790960577078784)
08/18/23 09:46:29, Result    : 1
08/18/23 09:46:29, Processing: factor(34142158335480331502698873164407375550005125706536670355646067468205059647648)
08/18/23 09:46:30, Result    : 1
08/18/23 09:46:30, Processing: factor(33445379593939916574072365548807225028576449671709391368796147723955976797696)
08/18/23 09:46:30, Result    : 1
08/18/23 09:46:30, Processing: factor(32703119211306785266292691639760589486166789561501741690898583087784630054144)
08/18/23 09:46:31, Result    : 1
08/18/23 09:46:31, Processing: factor(32617954838360673846328387755282046284379896880351997571911868027660190913378)
08/18/23 09:46:32, Result    : 1
08/18/23 09:46:32, Processing: factor(31952282290639027441301277801092616768372143882793793539832033986279370690656)
08/18/23 09:46:32, Result    : 1
08/18/23 09:46:32, Processing: factor(31470589592790197881884675623186697922617789954912480069382304830707319876224)
08/18/23 09:46:33, Result    : 1
08/18/23 09:46:33, Processing: factor(31135320527526097762404370130041953271453537931245088591370419480948364053679)
08/18/23 09:46:34, Result    : 1
08/18/23 09:46:34, Processing: factor(29264707144697427002313319855206321900004393462745717447696629258461479697984)
08/18/23 09:46:34, Result    : 1
08/18/23 09:49:02, =====================================
08/18/23 09:49:02, System/Build Info: 
08/18/23 09:49:02, detected AMD Athlon Silver 3050U with Radeon Graphics   
detected L1 = 32768 bytes, L2 = 4194304 bytes, CL = 64 bytes
08/18/23 09:49:02, using 1 random witness for Rabin-Miller PRP checks
08/18/23 09:49:02, Cached 664579 primes: max prime is 9999991
08/18/23 09:49:02, Could not parse yafu.ini from d:\Programming\Cyber Security\CTF\Pico-CTF\Cryptography\SRA

08/18/23 09:49:02, Random seed: 17061318274715348344
08/18/23 09:50:09, =====================================
08/18/23 09:50:09, System/Build Info: 
08/18/23 09:50:09, detected AMD Athlon Silver 3050U with Radeon Graphics   
detected L1 = 32768 bytes, L2 = 4194304 bytes, CL = 64 bytes
08/18/23 09:50:09, using 1 random witness for Rabin-Miller PRP checks
08/18/23 09:50:09, Cached 664579 primes: max prime is 9999991
08/18/23 09:50:09, Could not parse yafu.ini from d:\Programming\Cyber Security\CTF\Pico-CTF\Cryptography\SRA

08/18/23 09:50:09, Random seed: 14447621966162534464
08/18/23 09:50:09, Processing: factor(98140124518761061453340666521346089770354825679505116157243162609979220713252)
08/18/23 09:50:21, Result    : 1
08/18/23 09:50:21, Processing: factor(87235666238898721291858370241196524240315400604004547695327255653314862856224)
08/18/23 09:50:34, Result    : 1
08/18/23 09:50:34, Processing: factor(65426749679174040968893777680897393180236550453003410771495441739986147142168)
08/18/23 09:50:47, Result    : 1
08/18/23 09:50:47, Processing: factor(49070062259380530726670333260673044885177412839752558078621581304989610356626)
08/18/23 09:50:59, Result    : 1
08/18/23 09:50:59, Processing: factor(43617833119449360645929185120598262120157700302002273847663627826657431428112)
08/18/23 09:51:11, Result    : 1
08/18/23 09:51:11, Processing: factor(32713374839587020484446888840448696590118275226501705385747720869993073571084)
08/18/23 09:51:22, Result    : 1
08/18/23 09:53:43, =====================================
08/18/23 09:53:43, System/Build Info: 
08/18/23 09:53:43, detected AMD Athlon Silver 3050U with Radeon Graphics   
detected L1 = 32768 bytes, L2 = 4194304 bytes, CL = 64 bytes
08/18/23 09:53:43, using 1 random witness for Rabin-Miller PRP checks
08/18/23 09:53:43, Cached 664579 primes: max prime is 9999991
08/18/23 09:53:43, Could not parse yafu.ini from d:\Programming\Cyber Security\CTF\Pico-CTF\Cryptography\SRA

08/18/23 09:53:43, Random seed: 17756037197433266760
08/18/23 09:53:43, Processing: factor(94537849664819018007019698871812453908517906966245365000633303223485327399084)
08/18/23 09:53:44, Result    : 1
08/18/23 09:53:44, Processing: factor(91708436800739492813873762740851746723477478868404310472599970791306310411208)
08/18/23 09:53:45, Result    : 1
08/18/23 09:53:45, Processing: factor(70903387248614263505264774153859340431388430224684023750474977417613995549313)
08/18/23 09:53:46, Result    : 1
08/18/23 09:53:46, Processing: factor(60553782866676811802236341870629988278228228526854649456574058418881732332296)
08/18/23 09:53:46, Result    : 1
08/18/23 09:53:46, Processing: factor(47268924832409509003509849435906226954258953483122682500316651611742663699542)
08/18/23 09:53:47, Result    : 1
08/18/23 09:53:47, Processing: factor(45854218400369746406936881370425873361738739434202155236299985395653155205604)
08/18/23 09:53:48, Result    : 1
08/18/23 09:53:48, Processing: factor(30569478933579830937957920913617248907825826289468103490866656930435436803736)
08/18/23 09:53:49, Result    : 1
08/18/23 09:53:49, Processing: factor(30276891433338405901118170935314994139114114263427324728287029209440866166148)
08/18/23 09:53:50, Result    : 1
08/18/23 09:56:16, =====================================
08/18/23 09:56:16, System/Build Info: 
08/18/23 09:56:16, detected AMD Athlon Silver 3050U with Radeon Graphics   
detected L1 = 32768 bytes, L2 = 4194304 bytes, CL = 64 bytes
08/18/23 09:56:16, using 1 random witness for Rabin-Miller PRP checks
08/18/23 09:56:16, Cached 664579 primes: max prime is 9999991
08/18/23 09:56:16, Could not parse yafu.ini from d:\Programming\Cyber Security\CTF\Pico-CTF\Cryptography\SRA

08/18/23 09:56:16, Random seed: 9748623131097360312
08/18/23 09:56:16, Processing: factor(95166800797701022380812846175794942405918904936826246706082748887436607456600)
08/18/23 09:56:19, Result    : 1
08/18/23 09:56:19, Processing: factor(83270950697988394583211240403820574605179041819722965867822405276507031524525)
08/18/23 09:56:22, Result    : 1
08/18/23 09:56:22, Processing: factor(66616760558390715666568992323056459684143233455778372694257924221205625219620)
08/18/23 09:56:25, Result    : 1
08/18/23 09:56:25, Processing: factor(47583400398850511190406423087897471202959452468413123353041374443718303728300)
08/18/23 09:56:28, Result    : 1
08/18/23 09:56:28, Processing: factor(33308380279195357833284496161528229842071616727889186347128962110602812609810)
08/18/23 09:56:30, Result    : 1
