07/31/23 07:18:20, =====================================
07/31/23 07:18:20, System/Build Info: 
07/31/23 07:18:20, YAFU Version 2.10
07/31/23 07:18:20, Built with Microsoft Visual Studio  1931
07/31/23 07:18:20, Using GMP-ECM 7.0.4, Powered by MPIR 3.0.0
07/31/23 07:18:20, detected AMD Athlon Silver 3050U with Radeon Graphics   
detected L1 = 32768 bytes, L2 = 4194304 bytes, CL = 64 bytes
07/31/23 07:18:20, using 1 random witness for Rabin-Miller PRP checks
07/31/23 07:18:20, Cached 664579 primes: max prime is 9999991
07/31/23 07:18:20, Could not parse yafu.ini from D:\Programming\Cyber Security

07/31/23 07:18:20, Random seed: 1446630210094566980
07/31/23 07:18:24, Processing: factor(91164655262987122919911051420101452611800894319048464681040585658731474827998542222050141615814964740995403275664505920429059250981270281541724497523251258059663568145855154226819230082834589081788747518059956421247759537247130475875950757989200066334807322878943505983166174882015976549583276473319148908929)
07/31/23 07:19:22, Result    : 91164655262987122919911051420101452611800894319048464681040585658731474827998542222050141615814964740995403275664505920429059250981270281541724497523251258059663568145855154226819230082834589081788747518059956421247759537247130475875950757989200066334807322878943505983166174882015976549583276473319148908929
08/08/23 11:47:50, =====================================
08/08/23 11:47:50, System/Build Info: 
08/08/23 11:47:50, YAFU Version 2.10
08/08/23 11:47:50, Built with Microsoft Visual Studio  1931
08/08/23 11:47:50, Using GMP-ECM 7.0.4, Powered by MPIR 3.0.0
08/08/23 11:47:50, detected AMD Athlon Silver 3050U with Radeon Graphics   
detected L1 = 32768 bytes, L2 = 4194304 bytes, CL = 64 bytes
08/08/23 11:47:50, using 1 random witness for Rabin-Miller PRP checks
08/08/23 11:47:50, Cached 664579 primes: max prime is 9999991
08/08/23 11:47:50, Could not parse yafu.ini from D:\Programming\Cyber Security

08/08/23 11:47:50, Random seed: 9864338374561840640
08/08/23 11:47:56, Processing: factor(20526572394575083147827790199442286717892669829520674373986662385650762081556921033710664453930121885687273219079931149761844300476868578329705160504776623751903525375723348747157030617176066065703511308312466754537175888053712511691693206767377787038869587039495741164920236600961314261661660649074657887865171213486506306789127582034580075160489860597324472299025142864066468176921828923473095878679639178992128108839373696555285030896452005895233998037896268881658294281132604164876904903572356224540487599488991239279062486264659184510027458967204690897335381890214037922189874980007261980116204443561826313094837)
08/08/23 11:48:04, Result    : 1
08/18/23 05:00:47, =====================================
08/18/23 05:00:47, System/Build Info: 
08/18/23 05:00:47, YAFU Version 2.10
08/18/23 05:00:47, Built with Microsoft Visual Studio  1931
08/18/23 05:00:47, Using GMP-ECM 7.0.4, Powered by MPIR 3.0.0
08/18/23 05:00:47, detected AMD Athlon Silver 3050U with Radeon Graphics   
detected L1 = 32768 bytes, L2 = 4194304 bytes, CL = 64 bytes
08/18/23 05:00:47, using 1 random witness for Rabin-Miller PRP checks
08/18/23 05:00:47, Cached 664579 primes: max prime is 9999991
08/18/23 05:00:47, Could not parse yafu.ini from D:\Programming\Cyber Security

08/18/23 05:00:47, Random seed: 18013851472637053096
08/18/23 05:00:50, Processing: factor(106443284844352774147806193460628123125530774229865425549453167809589450427036)
08/18/23 05:00:51, Result    : 1
08/18/23 05:00:59, Processing: factor(85719813458726570331419146946169550481622127919626139159294143988253451228852)
08/18/23 05:01:00, Result    : 1
08/18/23 05:20:59, Processing: factor(69953708507230624105750422550899414766107246332827766221234216612038789174096)
08/18/23 05:21:00, Result    : 1
08/18/23 05:24:08, Processing: factor(102026128870005160321526762576838026623008235930528194677584635059430608202600)
08/18/23 05:24:09, Result    : 1
08/18/23 05:26:18, Processing: factor(66254579728812365135960377849365290676698076664616559333182370613703978903616)
08/18/23 05:26:18, Result    : 1
08/18/23 05:47:20, Processing: factor(106837516270318878491445014668769445360224093939788617365551860346789626010008)
08/18/23 05:47:22, Result    : 1
08/18/23 05:49:10, =====================================
08/18/23 05:49:10, System/Build Info: 
08/18/23 05:49:10, YAFU Version 2.10
08/18/23 05:49:10, Built with Microsoft Visual Studio  1931
08/18/23 05:49:10, Using GMP-ECM 7.0.4, Powered by MPIR 3.0.0
08/18/23 05:49:10, detected AMD Athlon Silver 3050U with Radeon Graphics   
detected L1 = 32768 bytes, L2 = 4194304 bytes, CL = 64 bytes
08/18/23 05:49:10, using 1 random witness for Rabin-Miller PRP checks
08/18/23 05:49:10, Cached 664579 primes: max prime is 9999991
08/18/23 05:49:10, Could not parse yafu.ini from D:\Programming\Cyber Security

08/18/23 05:49:10, Random seed: 14524520177331252224
08/18/23 05:50:44, =====================================
08/18/23 05:50:44, System/Build Info: 
08/18/23 05:50:44, YAFU Version 2.10
08/18/23 05:50:44, Built with Microsoft Visual Studio  1931
08/18/23 05:50:44, Using GMP-ECM 7.0.4, Powered by MPIR 3.0.0
08/18/23 05:50:44, detected AMD Athlon Silver 3050U with Radeon Graphics   
detected L1 = 32768 bytes, L2 = 4194304 bytes, CL = 64 bytes
08/18/23 05:50:44, using 1 random witness for Rabin-Miller PRP checks
08/18/23 05:50:44, Cached 664579 primes: max prime is 9999991
08/18/23 05:50:44, Could not parse yafu.ini from D:\Programming\Cyber Security

08/18/23 05:50:44, Random seed: 7792453232339886296
08/18/23 05:50:51, Processing: B2pp1(42426245099890529572066054429815602014986383963521113584949852942513738795780)
08/18/23 05:50:51, Result    : 42426245099890529572066054429815602014986383963521113584949852942513738795780
08/18/23 05:51:14, Processing: factor(42426245099890529572066054429815602014986383963521113584949852942513738795780)
08/18/23 05:51:17, Result    : 1
08/18/23 06:19:24, Processing: factor(98958652959361173832546787196031549657327959584045464474759751411588992748104)
08/18/23 06:19:26, Result    : 1
08/18/23 06:32:22, Processing: factor(8124171551427721017436780908372935728759544428161209)
08/18/23 06:32:23, Result    : 1
08/18/23 06:50:49, Processing: rpn
08/18/23 06:50:49, Result    : 1
08/18/23 07:16:31, =====================================
08/18/23 07:16:31, System/Build Info: 
08/18/23 07:16:31, YAFU Version 2.10
08/18/23 07:16:31, Built with Microsoft Visual Studio  1931
08/18/23 07:16:31, Using GMP-ECM 7.0.4, Powered by MPIR 3.0.0
08/18/23 07:16:31, detected AMD Athlon Silver 3050U with Radeon Graphics   
detected L1 = 32768 bytes, L2 = 4194304 bytes, CL = 64 bytes
08/18/23 07:16:31, using 1 random witness for Rabin-Miller PRP checks
08/18/23 07:16:31, Cached 664579 primes: max prime is 9999991
08/18/23 07:16:31, Could not parse yafu.ini from D:\Programming\Cyber Security

08/18/23 07:16:31, Random seed: 18422007056716831104
08/18/23 07:16:40, =====================================
08/18/23 07:16:40, System/Build Info: 
08/18/23 07:16:40, YAFU Version 2.10
08/18/23 07:16:40, Built with Microsoft Visual Studio  1931
08/18/23 07:16:40, Using GMP-ECM 7.0.4, Powered by MPIR 3.0.0
08/18/23 07:16:40, detected AMD Athlon Silver 3050U with Radeon Graphics   
detected L1 = 32768 bytes, L2 = 4194304 bytes, CL = 64 bytes
08/18/23 07:16:40, using 1 random witness for Rabin-Miller PRP checks
08/18/23 07:16:40, Cached 664579 primes: max prime is 9999991
08/18/23 07:16:40, Could not parse yafu.ini from D:\Programming\Cyber Security

08/18/23 07:16:40, Random seed: 15163551440371174968
08/18/23 07:43:35, =====================================
08/18/23 07:43:35, System/Build Info: 
08/18/23 07:43:35, detected AMD Athlon Silver 3050U with Radeon Graphics   
detected L1 = 32768 bytes, L2 = 4194304 bytes, CL = 64 bytes
08/18/23 07:43:35, using 1 random witness for Rabin-Miller PRP checks
08/18/23 07:43:35, Cached 664579 primes: max prime is 9999991
08/18/23 07:43:35, Could not parse yafu.ini from d:\Programming\Cyber Security

08/18/23 07:43:35, Random seed: 452285549650926208
08/18/23 07:43:35, Processing: factor(98958652959361173832546787196031549657327959584045464474759751411588992748104)
08/18/23 07:43:38, Result    : 1
08/18/23 07:43:47, =====================================
08/18/23 07:43:47, System/Build Info: 
08/18/23 07:43:47, detected AMD Athlon Silver 3050U with Radeon Graphics   
detected L1 = 32768 bytes, L2 = 4194304 bytes, CL = 64 bytes
08/18/23 07:43:47, using 1 random witness for Rabin-Miller PRP checks
08/18/23 07:43:47, Cached 664579 primes: max prime is 9999991
08/18/23 07:43:47, Could not parse yafu.ini from d:\Programming\Cyber Security

08/18/23 07:43:47, Random seed: 2932809493169317200
08/18/23 07:43:48, Processing: factor(98958652959361173832546787196031549657327959584045464474759751411588992748104)
08/18/23 07:43:51, Result    : 1
08/18/23 07:46:39, =====================================
08/18/23 07:46:39, System/Build Info: 
08/18/23 07:46:39, detected AMD Athlon Silver 3050U with Radeon Graphics   
detected L1 = 32768 bytes, L2 = 4194304 bytes, CL = 64 bytes
08/18/23 07:46:39, using 1 random witness for Rabin-Miller PRP checks
08/18/23 07:46:39, Cached 664579 primes: max prime is 9999991
08/18/23 07:46:39, Could not parse yafu.ini from d:\Programming\Cyber Security

08/18/23 07:46:39, Random seed: 16779220661938372576
08/18/23 07:46:40, Processing: factor(99854971224940988004596783772069788626930782872112756528952646853451976233604)
08/18/23 07:46:41, Result    : 1
08/18/23 07:46:41, Processing: factor(75274519630796376967048182434463118747644734053585360500734770645027818678400)
08/18/23 07:46:42, Result    : 1
08/18/23 07:46:42, Processing: factor(49927485612470494002298391886034894313465391436056378264476323426725988116802)
08/18/23 07:46:43, Result    : 1
08/18/23 07:46:43, Processing: factor(37637259815398188483524091217231559373822367026792680250367385322513909339200)
08/18/23 07:46:44, Result    : 1
08/18/23 07:46:44, Processing: factor(30109807852318550786819272973785247499057893621434144200293908258011127471360)
08/18/23 07:46:44, Result    : 1
08/18/23 07:51:35, =====================================
08/18/23 07:51:35, System/Build Info: 
08/18/23 07:51:35, detected AMD Athlon Silver 3050U with Radeon Graphics   
detected L1 = 32768 bytes, L2 = 4194304 bytes, CL = 64 bytes
08/18/23 07:51:35, using 1 random witness for Rabin-Miller PRP checks
08/18/23 07:51:35, Cached 664579 primes: max prime is 9999991
08/18/23 07:51:35, Could not parse yafu.ini from d:\Programming\Cyber Security

08/18/23 07:51:35, Random seed: 6238986569804504320
08/18/23 07:51:35, Processing: factor(92222008181529269444879846948058246986410121746324141788204386822220009435760)
08/18/23 07:51:36, Result    : 1
08/18/23 07:51:36, Processing: factor(73777606545223415555903877558446597589128097397059313430563509457776007548608)
08/18/23 07:51:37, Result    : 1
08/18/23 07:51:37, Processing: factor(46111004090764634722439923474029123493205060873162070894102193411110004717880)
08/18/23 07:51:38, Result    : 1
08/18/23 07:51:38, Processing: factor(36888803272611707777951938779223298794564048698529656715281754728888003774304)
08/18/23 07:51:39, Result    : 1
08/18/23 07:51:57, =====================================
08/18/23 07:51:57, System/Build Info: 
08/18/23 07:51:57, detected AMD Athlon Silver 3050U with Radeon Graphics   
detected L1 = 32768 bytes, L2 = 4194304 bytes, CL = 64 bytes
08/18/23 07:51:57, using 1 random witness for Rabin-Miller PRP checks
08/18/23 07:51:57, Cached 664579 primes: max prime is 9999991
08/18/23 07:51:57, Could not parse yafu.ini from d:\Programming\Cyber Security

08/18/23 07:51:57, Random seed: 6000914878727957792
08/18/23 07:51:57, Processing: factor(111506988728090996108387787180375893348822414978308260528000155938207841396608)
08/18/23 07:51:59, Result    : 1
08/18/23 07:51:59, Processing: factor(104282842082853729200350183691814895486568472884705639220086772533181406547776)
08/18/23 07:52:00, Result    : 1
08/18/23 07:52:00, Processing: factor(71694453931961938825240751288122740647015825108235126963809656116562217001596)
08/18/23 07:52:01, Result    : 1
08/18/23 07:52:01, Processing: factor(55753494364045498054193893590187946674411207489154130264000077969103920698304)
08/18/23 07:52:02, Result    : 1
08/18/23 07:52:02, Processing: factor(52141421041426864600175091845907447743284236442352819610043386266590703273888)
08/18/23 07:52:03, Result    : 1
08/18/23 07:52:03, Processing: factor(35847226965980969412620375644061370323507912554117563481904828058281108500798)
08/18/23 07:52:04, Result    : 1
08/18/23 07:55:49, =====================================
08/18/23 07:55:49, System/Build Info: 
08/18/23 07:55:49, detected AMD Athlon Silver 3050U with Radeon Graphics   
detected L1 = 32768 bytes, L2 = 4194304 bytes, CL = 64 bytes
08/18/23 07:55:49, using 1 random witness for Rabin-Miller PRP checks
08/18/23 07:55:49, Cached 664579 primes: max prime is 9999991
08/18/23 07:55:49, Could not parse yafu.ini from d:\Programming\Cyber Security

08/18/23 07:55:49, Random seed: 9399776884896877180
08/18/23 07:55:49, Processing: factor(103430107919465795879558113501365881163187760437013567202035350712698671684488)
08/18/23 07:55:50, Result    : 1
08/18/23 07:55:50, Processing: factor(98788380255367549140453677634233242382299917962074614315734760017776033165296)
08/18/23 07:55:51, Result    : 1
08/18/23 07:55:51, Processing: factor(77572580939599346909668585126024410872390820327760175401526513034524003763366)
08/18/23 07:55:52, Result    : 1
08/18/23 07:55:52, Processing: factor(51715053959732897939779056750682940581593880218506783601017675356349335842244)
08/18/23 07:55:53, Result    : 1
08/18/23 07:55:53, Processing: factor(49394190127683774570226838817116621191149958981037307157867380008888016582648)
08/18/23 07:55:54, Result    : 1
08/18/23 07:55:54, Processing: factor(40960218067535744740041055977408738188147768711044001897440841903190775359696)
08/18/23 07:55:55, Result    : 1
08/18/23 07:55:55, Processing: factor(38786290469799673454834292563012205436195410163880087700763256517262001881683)
08/18/23 07:55:56, Result    : 1
08/18/23 07:55:56, Processing: factor(32929460085122516380151225878077747460766639320691538105244920005925344388432)
08/18/23 07:55:57, Result    : 1
08/18/23 07:56:51, =====================================
08/18/23 07:56:51, System/Build Info: 
08/18/23 07:56:51, detected AMD Athlon Silver 3050U with Radeon Graphics   
detected L1 = 32768 bytes, L2 = 4194304 bytes, CL = 64 bytes
08/18/23 07:56:51, using 1 random witness for Rabin-Miller PRP checks
08/18/23 07:56:51, Cached 664579 primes: max prime is 9999991
08/18/23 07:56:51, Could not parse yafu.ini from d:\Programming\Cyber Security

08/18/23 07:56:51, Random seed: 3030507923047504948
08/18/23 07:56:51, Processing: factor(92246261117530459957092023544374142901744552571696218209152818116005744987028)
08/18/23 07:56:52, Result    : 1
08/18/23 07:56:52, Processing: factor(90344718537147392509123449593443925758853662073860570809615105033329247143991)
08/18/23 07:56:53, Result    : 1
08/18/23 07:56:53, Processing: factor(60229812358098261672748966395629283839235774715907047206410070022219498095994)
08/18/23 07:56:54, Result    : 1
08/18/23 07:56:54, Processing: factor(46123130558765229978546011772187071450872276285848109104576409058002872493514)
08/18/23 07:56:56, Result    : 1
08/18/23 07:56:56, Processing: factor(30748753705843486652364007848124714300581517523898739403050939372001914995676)
08/18/23 07:56:57, Result    : 1
08/18/23 07:56:57, Processing: factor(30114906179049130836374483197814641919617887357953523603205035011109749047997)
08/18/23 07:56:58, Result    : 1
08/18/23 07:57:23, =====================================
08/18/23 07:57:23, System/Build Info: 
08/18/23 07:57:23, detected AMD Athlon Silver 3050U with Radeon Graphics   
detected L1 = 32768 bytes, L2 = 4194304 bytes, CL = 64 bytes
08/18/23 07:57:23, using 1 random witness for Rabin-Miller PRP checks
08/18/23 07:57:23, Cached 664579 primes: max prime is 9999991
08/18/23 07:57:23, Could not parse yafu.ini from d:\Programming\Cyber Security

08/18/23 07:57:23, Random seed: 10899371245444728532
08/18/23 07:57:23, Processing: factor(92258713826374107076871499667143415672522780178930733864386997336802382669664)
08/18/23 07:57:25, Result    : 1
08/18/23 07:57:25, Processing: factor(61505809217582738051247666444762277115015186785953822576257998224534921779776)
08/18/23 07:57:26, Result    : 1
08/18/23 07:57:26, Processing: factor(46129356913187053538435749833571707836261390089465366932193498668401191334832)
08/18/23 07:57:26, Result    : 1
08/18/23 07:57:26, Processing: factor(30752904608791369025623833222381138557507593392976911288128999112267460889888)
08/18/23 07:57:27, Result    : 1
08/18/23 07:57:57, =====================================
08/18/23 07:57:57, System/Build Info: 
08/18/23 07:57:57, detected AMD Athlon Silver 3050U with Radeon Graphics   
detected L1 = 32768 bytes, L2 = 4194304 bytes, CL = 64 bytes
08/18/23 07:57:57, using 1 random witness for Rabin-Miller PRP checks
08/18/23 07:57:57, Cached 664579 primes: max prime is 9999991
08/18/23 07:57:57, Could not parse yafu.ini from d:\Programming\Cyber Security

08/18/23 07:57:57, Random seed: 12662889097553024752
08/18/23 07:57:57, Processing: factor(114434648615960930309105607308130975336297747929298664724081655338486509287468)
08/18/23 07:58:01, Result    : 1
08/18/23 07:58:01, Processing: factor(102212063731599125911088572582964820635434888586479503792276211269461662655613)
08/18/23 07:58:05, Result    : 1
08/18/23 07:58:05, Processing: factor(76289765743973953539403738205420650224198498619532443149387770225657672858312)
08/18/23 07:58:09, Result    : 1
08/18/23 07:58:09, Processing: factor(68141375821066083940725715055309880423623259057653002528184140846307775103742)
08/18/23 07:58:13, Result    : 1
08/18/23 07:58:13, Processing: factor(66343441800367478993999907951727969176750406165883465890781159431742887069776)
08/18/23 07:58:17, Result    : 1
08/18/23 07:58:17, Processing: factor(57217324307980465154552803654065487668148873964649332362040827669243254643734)
08/18/23 07:58:23, Result    : 1
08/18/23 07:16:43, Processing: factor(98958652959361173832546787196031549657327959584045464474759751411588992748104)
08/18/23 07:16:45, Result    : 1
08/18/23 07:54:07, Processing: factor(98958652959361173832546787196031549657327959584045464474759751411588992748104)
08/18/23 07:54:09, Result    : 1
08/18/23 07:54:37, Processing: factor(111506988728090996108387787180375893348822414978308260528000155938207841396608)
08/18/23 07:54:37, Result    : 1
08/18/23 07:59:09, =====================================
08/18/23 07:59:09, System/Build Info: 
08/18/23 07:59:09, YAFU Version 2.10
08/18/23 07:59:09, Built with Microsoft Visual Studio  1931
08/18/23 07:59:09, Using GMP-ECM 7.0.4, Powered by MPIR 3.0.0
08/18/23 07:59:09, detected AMD Athlon Silver 3050U with Radeon Graphics   
detected L1 = 32768 bytes, L2 = 4194304 bytes, CL = 64 bytes
08/18/23 07:59:09, using 1 random witness for Rabin-Miller PRP checks
08/18/23 07:59:09, Cached 664579 primes: max prime is 9999991
08/18/23 07:59:09, Could not parse yafu.ini from D:\Programming\Cyber Security

08/18/23 07:59:09, Random seed: 7049910088037700424
08/18/23 07:59:11, Processing: factor(114434648615960930309105607308130975336297747929298664724081655338486509287468)
08/18/23 07:59:13, Result    : 1
08/18/23 16:16:32, =====================================
08/18/23 16:16:32, System/Build Info: 
08/18/23 16:16:32, detected AMD Athlon Silver 3050U with Radeon Graphics   
detected L1 = 32768 bytes, L2 = 4194304 bytes, CL = 64 bytes
08/18/23 16:16:32, using 1 random witness for Rabin-Miller PRP checks
08/18/23 16:16:32, Cached 664579 primes: max prime is 9999991
08/18/23 16:16:32, Could not parse yafu.ini from d:\Programming\Cyber Security

08/18/23 16:16:32, Random seed: 8178293971221565344
08/18/23 16:16:32, Processing: factor(103845069511396086391614770583330364220824485768663393610357048731402024695815)
08/18/23 16:16:34, Result    : 1
08/18/23 16:16:34, Processing: factor(83076055609116869113291816466664291376659588614930714888285638985121619756652)
08/18/23 16:16:35, Result    : 1
08/18/23 16:16:35, Processing: factor(48538481114078159698602487703404170724008011240637039648672568793213543544580)
08/18/23 16:16:37, Result    : 1
08/18/23 16:16:37, Processing: factor(41538027804558434556645908233332145688329794307465357444142819492560809878326)
08/18/23 16:16:38, Result    : 1
08/18/23 20:44:01, =====================================
08/18/23 20:44:01, System/Build Info: 
08/18/23 20:44:01, detected AMD Athlon Silver 3050U with Radeon Graphics   
detected L1 = 32768 bytes, L2 = 4194304 bytes, CL = 64 bytes
08/18/23 20:44:01, using 1 random witness for Rabin-Miller PRP checks
08/18/23 20:44:01, Cached 664579 primes: max prime is 9999991
08/18/23 20:44:01, Could not parse yafu.ini from d:\Programming\Cyber Security

08/18/23 20:44:01, Random seed: 17585488436226461504
08/18/23 20:44:01, Processing: factor(115668849773784123384260860548991574999614130293527980694200203970174399525542184822015050300844361970733586221275594130033955965986291712825063862155510490905594476340449244775800671794905624729691789618386372873456680559069998783461430159831716795866360393551977215505747931107228241472284718470082088162167)
08/18/23 20:44:04, Result    : 1
08/18/23 20:44:04, Processing: factor(141364982371561975953132788222477793787260088271503906016898908088955797414795036267592256626868442054422547343174490774948263259393388045748472993720810920242109156102410287447169418624279126690051402749172919677256241098411973723044507176562679360600903196588638587885896107697022791655663525177956514940587)
08/18/23 20:44:07, Result    : 1
08/18/23 20:45:17, =====================================
08/18/23 20:45:17, System/Build Info: 
08/18/23 20:45:17, detected AMD Athlon Silver 3050U with Radeon Graphics   
detected L1 = 32768 bytes, L2 = 4194304 bytes, CL = 64 bytes
08/18/23 20:45:17, using 1 random witness for Rabin-Miller PRP checks
08/18/23 20:45:17, Cached 664579 primes: max prime is 9999991
08/18/23 20:45:17, Could not parse yafu.ini from d:\Programming\Cyber Security

08/18/23 20:45:17, Random seed: 9967324922626422988
08/18/23 20:45:17, Processing: factor(115668849773784123384260860548991574999614130293527980694200203970174399525542184822015050300844361970733586221275594130033955965986291712825063862155510490905594476340449244775800671794905624729691789618386372873456680559069998783461430159831716795866360393551977215505747931107228241472284718470082088162167)
08/18/23 20:45:20, Result    : 1
08/18/23 20:45:20, Processing: factor(141364982371561975953132788222477793787260088271503906016898908088955797414795036267592256626868442054422547343174490774948263259393388045748472993720810920242109156102410287447169418624279126690051402749172919677256241098411973723044507176562679360600903196588638587885896107697022791655663525177956514940587)
08/18/23 20:45:24, Result    : 1
08/18/23 20:45:59, =====================================
08/18/23 20:45:59, System/Build Info: 
08/18/23 20:45:59, detected AMD Athlon Silver 3050U with Radeon Graphics   
detected L1 = 32768 bytes, L2 = 4194304 bytes, CL = 64 bytes
08/18/23 20:45:59, using 1 random witness for Rabin-Miller PRP checks
08/18/23 20:45:59, Cached 664579 primes: max prime is 9999991
08/18/23 20:45:59, Could not parse yafu.ini from d:\Programming\Cyber Security

08/18/23 20:45:59, Random seed: 4256658214061751240
08/18/23 20:45:59, Processing: factor(115668849773784123384260860548991574999614130293527980694200203970174399525542184822015050300844361970733586221275594130033955965986291712825063862155510490905594476340449244775800671794905624729691789618386372873456680559069998783461430159831716795866360393551977215505747931107228241472284718470082088162167 - 1)
08/18/23 20:45:59, Result    : 1
08/18/23 20:45:59, Processing: factor(141364982371561975953132788222477793787260088271503906016898908088955797414795036267592256626868442054422547343174490774948263259393388045748472993720810920242109156102410287447169418624279126690051402749172919677256241098411973723044507176562679360600903196588638587885896107697022791655663525177956514940587 - 1)
08/18/23 20:46:00, Result    : 1
08/18/23 20:46:10, =====================================
08/18/23 20:46:10, System/Build Info: 
08/18/23 20:46:10, detected AMD Athlon Silver 3050U with Radeon Graphics   
detected L1 = 32768 bytes, L2 = 4194304 bytes, CL = 64 bytes
08/18/23 20:46:10, using 1 random witness for Rabin-Miller PRP checks
08/18/23 20:46:10, Cached 664579 primes: max prime is 9999991
08/18/23 20:46:10, Could not parse yafu.ini from d:\Programming\Cyber Security

08/18/23 20:46:10, Random seed: 8479452143235288640
08/18/23 20:46:10, Processing: factor(115668849773784123384260860548991574999614130293527980694200203970174399525542184822015050300844361970733586221275594130033955965986291712825063862155510490905594476340449244775800671794905624729691789618386372873456680559069998783461430159831716795866360393551977215505747931107228241472284718470082088162167 - 1)
08/18/23 20:46:11, Result    : 1
08/18/23 20:46:11, Processing: factor(141364982371561975953132788222477793787260088271503906016898908088955797414795036267592256626868442054422547343174490774948263259393388045748472993720810920242109156102410287447169418624279126690051402749172919677256241098411973723044507176562679360600903196588638587885896107697022791655663525177956514940587 - 1)
08/18/23 20:46:11, Result    : 1
08/18/23 21:29:42, =====================================
08/18/23 21:29:42, System/Build Info: 
08/18/23 21:29:42, detected AMD Athlon Silver 3050U with Radeon Graphics   
detected L1 = 32768 bytes, L2 = 4194304 bytes, CL = 64 bytes
08/18/23 21:29:42, using 1 random witness for Rabin-Miller PRP checks
08/18/23 21:29:42, Cached 664579 primes: max prime is 9999991
08/18/23 21:29:42, Could not parse yafu.ini from d:\Programming\Cyber Security

08/18/23 21:29:42, Random seed: 11323538064383111936
08/18/23 21:29:42, Processing: factor(115668849773784123384260860548991574999614130293527980694200203970174399525542184822015050300844361970733586221275594130033955965986291712825063862155510490905594476340449244775800671794905624729691789618386372873456680559069998783461430159831716795866360393551977215505747931107228241472284718470082088162167 - 1)
08/18/23 21:29:42, Result    : 1
08/18/23 21:29:42, Processing: factor(141364982371561975953132788222477793787260088271503906016898908088955797414795036267592256626868442054422547343174490774948263259393388045748472993720810920242109156102410287447169418624279126690051402749172919677256241098411973723044507176562679360600903196588638587885896107697022791655663525177956514940587 - 1)
08/18/23 21:29:43, Result    : 1
08/18/23 21:31:58, =====================================
08/18/23 21:31:58, System/Build Info: 
08/18/23 21:31:58, detected AMD Athlon Silver 3050U with Radeon Graphics   
detected L1 = 32768 bytes, L2 = 4194304 bytes, CL = 64 bytes
08/18/23 21:31:58, using 1 random witness for Rabin-Miller PRP checks
08/18/23 21:31:58, Cached 664579 primes: max prime is 9999991
08/18/23 21:31:58, Could not parse yafu.ini from d:\Programming\Cyber Security

08/18/23 21:31:58, Random seed: 9038756109617679036
08/18/23 21:31:58, Processing: factor(340088125257274939944519468288532191027009004254543244298037997802893684814027 - 1)
08/18/23 21:31:58, Result    : 1
08/18/23 21:31:58, Processing: factor(350715965974826334774348470351170292223382665079860232855747748657591063919839 - 1)
08/18/23 21:31:58, Result    : 1
08/18/23 21:41:26, =====================================
08/18/23 21:41:26, System/Build Info: 
08/18/23 21:41:26, detected AMD Athlon Silver 3050U with Radeon Graphics   
detected L1 = 32768 bytes, L2 = 4194304 bytes, CL = 64 bytes
08/18/23 21:41:26, using 1 random witness for Rabin-Miller PRP checks
08/18/23 21:41:26, Cached 664579 primes: max prime is 9999991
08/18/23 21:41:26, Could not parse yafu.ini from d:\Programming\Cyber Security

08/18/23 21:41:26, Random seed: 15268155680593967464
08/18/23 21:41:26, Processing: factor(340088125257274939944519468288532191027009004254543244298037997802893684814027 - 1)
08/18/23 21:41:26, Result    : 1
08/18/23 21:41:26, Processing: factor(350715965974826334774348470351170292223382665079860232855747748657591063919839 - 1)
08/18/23 21:41:26, Result    : 1
08/18/23 21:41:31, =====================================
08/18/23 21:41:31, System/Build Info: 
08/18/23 21:41:31, detected AMD Athlon Silver 3050U with Radeon Graphics   
detected L1 = 32768 bytes, L2 = 4194304 bytes, CL = 64 bytes
08/18/23 21:41:31, using 1 random witness for Rabin-Miller PRP checks
08/18/23 21:41:31, Cached 664579 primes: max prime is 9999991
08/18/23 21:41:31, Could not parse yafu.ini from d:\Programming\Cyber Security

08/18/23 21:41:31, Random seed: 3621792054434863552
08/18/23 21:41:31, Processing: factor(340088125257274939944519468288532191027009004254543244298037997802893684814027 - 1)
08/18/23 21:41:31, Result    : 1
08/18/23 21:41:31, Processing: factor(350715965974826334774348470351170292223382665079860232855747748657591063919839 - 1)
08/18/23 21:41:31, Result    : 1
08/18/23 21:41:38, =====================================
08/18/23 21:41:38, System/Build Info: 
08/18/23 21:41:38, detected AMD Athlon Silver 3050U with Radeon Graphics   
detected L1 = 32768 bytes, L2 = 4194304 bytes, CL = 64 bytes
08/18/23 21:41:38, using 1 random witness for Rabin-Miller PRP checks
08/18/23 21:41:38, Cached 664579 primes: max prime is 9999991
08/18/23 21:41:38, Could not parse yafu.ini from d:\Programming\Cyber Security

08/18/23 21:41:38, Random seed: 388745829736349200
08/18/23 21:41:38, Processing: factor(340088125257274939944519468288532191027009004254543244298037997802893684814027 - 1)
08/18/23 21:41:38, Result    : 1
08/18/23 21:41:38, Processing: factor(350715965974826334774348470351170292223382665079860232855747748657591063919839 - 1)
08/18/23 21:41:38, Result    : 1
08/18/23 21:43:29, =====================================
08/18/23 21:43:29, System/Build Info: 
08/18/23 21:43:29, detected AMD Athlon Silver 3050U with Radeon Graphics   
detected L1 = 32768 bytes, L2 = 4194304 bytes, CL = 64 bytes
08/18/23 21:43:29, using 1 random witness for Rabin-Miller PRP checks
08/18/23 21:43:29, Cached 664579 primes: max prime is 9999991
08/18/23 21:43:29, Could not parse yafu.ini from d:\Programming\Cyber Security

08/18/23 21:43:29, Random seed: 3262923681671669728
08/18/23 21:43:29, Processing: factor(340088125257274939944519468288532191027009004254543244298037997802893684814027 - 1)
08/18/23 21:43:29, Result    : 1
08/18/23 21:43:29, Processing: factor(350715965974826334774348470351170292223382665079860232855747748657591063919839 - 1)
08/18/23 21:43:29, Result    : 1
08/18/23 21:44:28, =====================================
08/18/23 21:44:28, System/Build Info: 
08/18/23 21:44:28, detected AMD Athlon Silver 3050U with Radeon Graphics   
detected L1 = 32768 bytes, L2 = 4194304 bytes, CL = 64 bytes
08/18/23 21:44:28, using 1 random witness for Rabin-Miller PRP checks
08/18/23 21:44:28, Cached 664579 primes: max prime is 9999991
08/18/23 21:44:28, Could not parse yafu.ini from d:\Programming\Cyber Security

08/18/23 21:44:28, Random seed: 17521084521825520964
08/18/23 21:44:28, Processing: factor(122161437567324596445310613574119245540383929427199993508472013682798700700904611746492929154687438113631528495838699247380589087530506701847686075312950000529088298645380605276780493760471068656720048162050287415096529174956172190271328475086583379996481152370243904896377756503582563832921863825796456956843 - 1)
08/18/23 21:44:29, Result    : 1
08/18/23 21:44:29, Processing: factor(164752859159266181005285573615153483985927820191143398550260243180305736999915741000984650744309815185146938701819104843163997804968003580428319476280176963771216950368028931067460753642259380856062044557651240887361118264963697536804407123215065825062220384720932080668575059499977763957383038534563090317519 - 1)
08/18/23 21:44:29, Result    : 1
08/18/23 21:47:27, =====================================
08/18/23 21:47:27, System/Build Info: 
08/18/23 21:47:27, detected AMD Athlon Silver 3050U with Radeon Graphics   
detected L1 = 32768 bytes, L2 = 4194304 bytes, CL = 64 bytes
08/18/23 21:47:27, using 1 random witness for Rabin-Miller PRP checks
08/18/23 21:47:27, Cached 664579 primes: max prime is 9999991
08/18/23 21:47:27, Could not parse yafu.ini from d:\Programming\Cyber Security

08/18/23 21:47:27, Random seed: 6104391078142019184
08/18/23 21:47:27, Processing: factor(132276552603243501012517104704784920323361401497033851152986582587628394561773116448815047251714566535187075019252363954836495717155437110337951614791270318692654466010485038584511780031824303438653644653905261507061769419991346696799555889655134643251657155286772854068179052022844887125425897143734884097123 - 1)
08/18/23 21:47:28, Result    : 1
08/18/23 21:47:28, Processing: factor(169374358165260166124118147471203566343504057549788056807640226877912146790293237538831618897705510089643965256052274010136737134111905308955159305778257522510658754864818072896618160197483315589015938809043090319073225136842517023709225186875062559736341912200512406469175374114566327620291498654744143125607 - 1)
08/18/23 21:47:28, Result    : 1
08/19/23 06:24:41, =====================================
08/19/23 06:24:41, System/Build Info: 
08/19/23 06:24:41, detected AMD Athlon Silver 3050U with Radeon Graphics   
detected L1 = 32768 bytes, L2 = 4194304 bytes, CL = 64 bytes
08/19/23 06:24:41, using 1 random witness for Rabin-Miller PRP checks
08/19/23 06:24:41, Cached 664579 primes: max prime is 9999991
08/19/23 06:24:41, Could not parse yafu.ini from d:\Programming\Cyber Security

08/19/23 06:24:41, Random seed: 14929891715890680616
08/19/23 06:24:41, Processing: factor(171737105398642886952850023587557331022400498172400869641426551638589932026649898397876829050302065185503267016434202639701993923587707811159987700892389251316474659535280313653455895504110202181248123584104740181548065437477883135586395419285367405510482984730579396853274696958317152079284544972182264385463 - 1)
08/19/23 06:24:41, Result    : 1
08/19/23 06:24:41, Processing: factor(106100642585441306659231092215520826696629132542273077958343764679155770250122358609663107630938585362851298476451646865414782901804279333798979560157253536320542486164083758273933045971956834335122097138913124651325662432603430010782343379229098017062153539965098342640625730371237503614435960627380518870019 - 1)
08/19/23 06:24:42, Result    : 1
08/19/23 06:25:24, =====================================
08/19/23 06:25:24, System/Build Info: 
08/19/23 06:25:24, detected AMD Athlon Silver 3050U with Radeon Graphics   
detected L1 = 32768 bytes, L2 = 4194304 bytes, CL = 64 bytes
08/19/23 06:25:24, using 1 random witness for Rabin-Miller PRP checks
08/19/23 06:25:24, Cached 664579 primes: max prime is 9999991
08/19/23 06:25:24, Could not parse yafu.ini from d:\Programming\Cyber Security

08/19/23 06:25:24, Random seed: 15540458072377660952
08/19/23 06:25:24, Processing: factor(171737105398642886952850023587557331022400498172400869641426551638589932026649898397876829050302065185503267016434202639701993923587707811159987700892389251316474659535280313653455895504110202181248123584104740181548065437477883135586395419285367405510482984730579396853274696958317152079284544972182264385463 - 1)
08/19/23 06:25:25, Result    : 1
08/19/23 06:25:25, Processing: factor(106100642585441306659231092215520826696629132542273077958343764679155770250122358609663107630938585362851298476451646865414782901804279333798979560157253536320542486164083758273933045971956834335122097138913124651325662432603430010782343379229098017062153539965098342640625730371237503614435960627380518870019 - 1)
08/19/23 06:25:25, Result    : 1
08/19/23 06:25:42, =====================================
08/19/23 06:25:42, System/Build Info: 
08/19/23 06:25:42, detected AMD Athlon Silver 3050U with Radeon Graphics   
detected L1 = 32768 bytes, L2 = 4194304 bytes, CL = 64 bytes
08/19/23 06:25:42, using 1 random witness for Rabin-Miller PRP checks
08/19/23 06:25:42, Cached 664579 primes: max prime is 9999991
08/19/23 06:25:42, Could not parse yafu.ini from d:\Programming\Cyber Security

08/19/23 06:25:42, Random seed: 9559600397683238336
08/19/23 06:25:42, Processing: factor(171737105398642886952850023587557331022400498172400869641426551638589932026649898397876829050302065185503267016434202639701993923587707811159987700892389251316474659535280313653455895504110202181248123584104740181548065437477883135586395419285367405510482984730579396853274696958317152079284544972182264385463 - 1)
08/19/23 06:25:42, Result    : 1
08/19/23 06:25:42, Processing: factor(106100642585441306659231092215520826696629132542273077958343764679155770250122358609663107630938585362851298476451646865414782901804279333798979560157253536320542486164083758273933045971956834335122097138913124651325662432603430010782343379229098017062153539965098342640625730371237503614435960627380518870019 - 1)
08/19/23 06:25:43, Result    : 1
08/19/23 06:25:47, =====================================
08/19/23 06:25:47, System/Build Info: 
08/19/23 06:25:47, detected AMD Athlon Silver 3050U with Radeon Graphics   
detected L1 = 32768 bytes, L2 = 4194304 bytes, CL = 64 bytes
08/19/23 06:25:47, using 1 random witness for Rabin-Miller PRP checks
08/19/23 06:25:47, Cached 664579 primes: max prime is 9999991
08/19/23 06:25:47, Could not parse yafu.ini from d:\Programming\Cyber Security

08/19/23 06:25:47, Random seed: 7854251660224032384
08/19/23 06:25:47, Processing: factor(171737105398642886952850023587557331022400498172400869641426551638589932026649898397876829050302065185503267016434202639701993923587707811159987700892389251316474659535280313653455895504110202181248123584104740181548065437477883135586395419285367405510482984730579396853274696958317152079284544972182264385463 - 1)
08/19/23 06:25:47, Result    : 1
08/19/23 06:25:47, Processing: factor(106100642585441306659231092215520826696629132542273077958343764679155770250122358609663107630938585362851298476451646865414782901804279333798979560157253536320542486164083758273933045971956834335122097138913124651325662432603430010782343379229098017062153539965098342640625730371237503614435960627380518870019 - 1)
08/19/23 06:25:48, Result    : 1
08/19/23 06:26:28, =====================================
08/19/23 06:26:28, System/Build Info: 
08/19/23 06:26:28, detected AMD Athlon Silver 3050U with Radeon Graphics   
detected L1 = 32768 bytes, L2 = 4194304 bytes, CL = 64 bytes
08/19/23 06:26:28, using 1 random witness for Rabin-Miller PRP checks
08/19/23 06:26:28, Cached 664579 primes: max prime is 9999991
08/19/23 06:26:28, Could not parse yafu.ini from d:\Programming\Cyber Security

08/19/23 06:26:28, Random seed: 13311445422276663616
08/19/23 06:26:28, Processing: factor(171737105398642886952850023587557331022400498172400869641426551638589932026649898397876829050302065185503267016434202639701993923587707811159987700892389251316474659535280313653455895504110202181248123584104740181548065437477883135586395419285367405510482984730579396853274696958317152079284544972182264385463 - 1)
08/19/23 06:26:28, Result    : 1
08/19/23 06:26:28, Processing: factor(106100642585441306659231092215520826696629132542273077958343764679155770250122358609663107630938585362851298476451646865414782901804279333798979560157253536320542486164083758273933045971956834335122097138913124651325662432603430010782343379229098017062153539965098342640625730371237503614435960627380518870019 - 1)
08/19/23 06:26:29, Result    : 1
08/19/23 06:26:33, =====================================
08/19/23 06:26:33, System/Build Info: 
08/19/23 06:26:33, detected AMD Athlon Silver 3050U with Radeon Graphics   
detected L1 = 32768 bytes, L2 = 4194304 bytes, CL = 64 bytes
08/19/23 06:26:33, using 1 random witness for Rabin-Miller PRP checks
08/19/23 06:26:33, Cached 664579 primes: max prime is 9999991
08/19/23 06:26:33, Could not parse yafu.ini from d:\Programming\Cyber Security

08/19/23 06:26:33, Random seed: 11735256428284562872
08/19/23 06:26:33, Processing: factor(171737105398642886952850023587557331022400498172400869641426551638589932026649898397876829050302065185503267016434202639701993923587707811159987700892389251316474659535280313653455895504110202181248123584104740181548065437477883135586395419285367405510482984730579396853274696958317152079284544972182264385463 - 1)
08/19/23 06:26:33, Result    : 1
08/19/23 06:26:33, Processing: factor(106100642585441306659231092215520826696629132542273077958343764679155770250122358609663107630938585362851298476451646865414782901804279333798979560157253536320542486164083758273933045971956834335122097138913124651325662432603430010782343379229098017062153539965098342640625730371237503614435960627380518870019 - 1)
08/19/23 06:26:34, Result    : 1
08/19/23 06:27:25, =====================================
08/19/23 06:27:25, System/Build Info: 
08/19/23 06:27:25, detected AMD Athlon Silver 3050U with Radeon Graphics   
detected L1 = 32768 bytes, L2 = 4194304 bytes, CL = 64 bytes
08/19/23 06:27:25, using 1 random witness for Rabin-Miller PRP checks
08/19/23 06:27:25, Cached 664579 primes: max prime is 9999991
08/19/23 06:27:25, Could not parse yafu.ini from d:\Programming\Cyber Security

08/19/23 06:27:25, Random seed: 9612485633144112012
08/19/23 06:27:25, Processing: factor(171737105398642886952850023587557331022400498172400869641426551638589932026649898397876829050302065185503267016434202639701993923587707811159987700892389251316474659535280313653455895504110202181248123584104740181548065437477883135586395419285367405510482984730579396853274696958317152079284544972182264385463 - 1)
08/19/23 06:27:26, Result    : 1
08/19/23 06:27:26, Processing: factor(106100642585441306659231092215520826696629132542273077958343764679155770250122358609663107630938585362851298476451646865414782901804279333798979560157253536320542486164083758273933045971956834335122097138913124651325662432603430010782343379229098017062153539965098342640625730371237503614435960627380518870019 - 1)
08/19/23 06:27:26, Result    : 1
08/19/23 06:27:30, =====================================
08/19/23 06:27:30, System/Build Info: 
08/19/23 06:27:30, detected AMD Athlon Silver 3050U with Radeon Graphics   
detected L1 = 32768 bytes, L2 = 4194304 bytes, CL = 64 bytes
08/19/23 06:27:30, using 1 random witness for Rabin-Miller PRP checks
08/19/23 06:27:30, Cached 664579 primes: max prime is 9999991
08/19/23 06:27:30, Could not parse yafu.ini from d:\Programming\Cyber Security

08/19/23 06:27:30, Random seed: 16933110398400862784
08/19/23 06:27:30, Processing: factor(171737105398642886952850023587557331022400498172400869641426551638589932026649898397876829050302065185503267016434202639701993923587707811159987700892389251316474659535280313653455895504110202181248123584104740181548065437477883135586395419285367405510482984730579396853274696958317152079284544972182264385463 - 1)
08/19/23 06:27:30, Result    : 1
08/19/23 06:27:30, Processing: factor(106100642585441306659231092215520826696629132542273077958343764679155770250122358609663107630938585362851298476451646865414782901804279333798979560157253536320542486164083758273933045971956834335122097138913124651325662432603430010782343379229098017062153539965098342640625730371237503614435960627380518870019 - 1)
08/19/23 06:27:31, Result    : 1
08/19/23 06:28:07, =====================================
08/19/23 06:28:07, System/Build Info: 
08/19/23 06:28:07, detected AMD Athlon Silver 3050U with Radeon Graphics   
detected L1 = 32768 bytes, L2 = 4194304 bytes, CL = 64 bytes
08/19/23 06:28:07, using 1 random witness for Rabin-Miller PRP checks
08/19/23 06:28:07, Cached 664579 primes: max prime is 9999991
08/19/23 06:28:07, Could not parse yafu.ini from d:\Programming\Cyber Security

08/19/23 06:28:07, Random seed: 2924636065678776012
08/19/23 06:28:07, Processing: factor(171737105398642886952850023587557331022400498172400869641426551638589932026649898397876829050302065185503267016434202639701993923587707811159987700892389251316474659535280313653455895504110202181248123584104740181548065437477883135586395419285367405510482984730579396853274696958317152079284544972182264385463 - 1)
08/19/23 06:28:08, Result    : 1
08/19/23 06:28:08, Processing: factor(106100642585441306659231092215520826696629132542273077958343764679155770250122358609663107630938585362851298476451646865414782901804279333798979560157253536320542486164083758273933045971956834335122097138913124651325662432603430010782343379229098017062153539965098342640625730371237503614435960627380518870019 - 1)
08/19/23 06:28:08, Result    : 1
08/19/23 06:28:12, =====================================
08/19/23 06:28:12, System/Build Info: 
08/19/23 06:28:12, detected AMD Athlon Silver 3050U with Radeon Graphics   
detected L1 = 32768 bytes, L2 = 4194304 bytes, CL = 64 bytes
08/19/23 06:28:12, using 1 random witness for Rabin-Miller PRP checks
08/19/23 06:28:12, Cached 664579 primes: max prime is 9999991
08/19/23 06:28:12, Could not parse yafu.ini from d:\Programming\Cyber Security

08/19/23 06:28:12, Random seed: 945138754871689960
08/19/23 06:28:12, Processing: factor(171737105398642886952850023587557331022400498172400869641426551638589932026649898397876829050302065185503267016434202639701993923587707811159987700892389251316474659535280313653455895504110202181248123584104740181548065437477883135586395419285367405510482984730579396853274696958317152079284544972182264385463 - 1)
08/19/23 06:28:12, Result    : 1
08/19/23 06:28:12, Processing: factor(106100642585441306659231092215520826696629132542273077958343764679155770250122358609663107630938585362851298476451646865414782901804279333798979560157253536320542486164083758273933045971956834335122097138913124651325662432603430010782343379229098017062153539965098342640625730371237503614435960627380518870019 - 1)
08/19/23 06:28:13, Result    : 1
08/19/23 06:28:49, =====================================
08/19/23 06:28:49, System/Build Info: 
08/19/23 06:28:49, detected AMD Athlon Silver 3050U with Radeon Graphics   
detected L1 = 32768 bytes, L2 = 4194304 bytes, CL = 64 bytes
08/19/23 06:28:49, using 1 random witness for Rabin-Miller PRP checks
08/19/23 06:28:49, Cached 664579 primes: max prime is 9999991
08/19/23 06:28:49, Could not parse yafu.ini from d:\Programming\Cyber Security

08/19/23 06:28:49, Random seed: 12759662694775955444
08/19/23 06:28:49, Processing: factor(171737105398642886952850023587557331022400498172400869641426551638589932026649898397876829050302065185503267016434202639701993923587707811159987700892389251316474659535280313653455895504110202181248123584104740181548065437477883135586395419285367405510482984730579396853274696958317152079284544972182264385463 - 1)
08/19/23 06:28:49, Result    : 1
08/19/23 06:28:49, Processing: factor(106100642585441306659231092215520826696629132542273077958343764679155770250122358609663107630938585362851298476451646865414782901804279333798979560157253536320542486164083758273933045971956834335122097138913124651325662432603430010782343379229098017062153539965098342640625730371237503614435960627380518870019 - 1)
08/19/23 06:28:50, Result    : 1
08/19/23 06:28:54, =====================================
08/19/23 06:28:54, System/Build Info: 
08/19/23 06:28:54, detected AMD Athlon Silver 3050U with Radeon Graphics   
detected L1 = 32768 bytes, L2 = 4194304 bytes, CL = 64 bytes
08/19/23 06:28:54, using 1 random witness for Rabin-Miller PRP checks
08/19/23 06:28:54, Cached 664579 primes: max prime is 9999991
08/19/23 06:28:54, Could not parse yafu.ini from d:\Programming\Cyber Security

08/19/23 06:28:54, Random seed: 198269589315687376
08/19/23 06:28:54, Processing: factor(171737105398642886952850023587557331022400498172400869641426551638589932026649898397876829050302065185503267016434202639701993923587707811159987700892389251316474659535280313653455895504110202181248123584104740181548065437477883135586395419285367405510482984730579396853274696958317152079284544972182264385463 - 1)
08/19/23 06:28:54, Result    : 1
08/19/23 06:28:54, Processing: factor(106100642585441306659231092215520826696629132542273077958343764679155770250122358609663107630938585362851298476451646865414782901804279333798979560157253536320542486164083758273933045971956834335122097138913124651325662432603430010782343379229098017062153539965098342640625730371237503614435960627380518870019 - 1)
08/19/23 06:28:55, Result    : 1
08/19/23 06:29:34, =====================================
08/19/23 06:29:34, System/Build Info: 
08/19/23 06:29:34, detected AMD Athlon Silver 3050U with Radeon Graphics   
detected L1 = 32768 bytes, L2 = 4194304 bytes, CL = 64 bytes
08/19/23 06:29:34, using 1 random witness for Rabin-Miller PRP checks
08/19/23 06:29:34, Cached 664579 primes: max prime is 9999991
08/19/23 06:29:34, Could not parse yafu.ini from d:\Programming\Cyber Security

08/19/23 06:29:34, Random seed: 11397779722838735968
08/19/23 06:29:34, Processing: factor(171737105398642886952850023587557331022400498172400869641426551638589932026649898397876829050302065185503267016434202639701993923587707811159987700892389251316474659535280313653455895504110202181248123584104740181548065437477883135586395419285367405510482984730579396853274696958317152079284544972182264385463 - 1)
08/19/23 06:29:35, Result    : 1
08/19/23 06:29:35, Processing: factor(106100642585441306659231092215520826696629132542273077958343764679155770250122358609663107630938585362851298476451646865414782901804279333798979560157253536320542486164083758273933045971956834335122097138913124651325662432603430010782343379229098017062153539965098342640625730371237503614435960627380518870019 - 1)
08/19/23 06:29:36, Result    : 1
08/19/23 06:29:40, =====================================
08/19/23 06:29:40, System/Build Info: 
08/19/23 06:29:40, detected AMD Athlon Silver 3050U with Radeon Graphics   
detected L1 = 32768 bytes, L2 = 4194304 bytes, CL = 64 bytes
08/19/23 06:29:40, using 1 random witness for Rabin-Miller PRP checks
08/19/23 06:29:40, Cached 664579 primes: max prime is 9999991
08/19/23 06:29:40, Could not parse yafu.ini from d:\Programming\Cyber Security

08/19/23 06:29:40, Random seed: 9694907750321420988
08/19/23 06:29:40, Processing: factor(171737105398642886952850023587557331022400498172400869641426551638589932026649898397876829050302065185503267016434202639701993923587707811159987700892389251316474659535280313653455895504110202181248123584104740181548065437477883135586395419285367405510482984730579396853274696958317152079284544972182264385463 - 1)
08/19/23 06:29:40, Result    : 1
08/19/23 06:29:40, Processing: factor(106100642585441306659231092215520826696629132542273077958343764679155770250122358609663107630938585362851298476451646865414782901804279333798979560157253536320542486164083758273933045971956834335122097138913124651325662432603430010782343379229098017062153539965098342640625730371237503614435960627380518870019 - 1)
08/19/23 06:29:41, Result    : 1
08/19/23 06:35:46, =====================================
08/19/23 06:35:46, System/Build Info: 
08/19/23 06:35:46, detected AMD Athlon Silver 3050U with Radeon Graphics   
detected L1 = 32768 bytes, L2 = 4194304 bytes, CL = 64 bytes
08/19/23 06:35:46, using 1 random witness for Rabin-Miller PRP checks
08/19/23 06:35:46, Cached 664579 primes: max prime is 9999991
08/19/23 06:35:46, Could not parse yafu.ini from d:\Programming\Cyber Security

08/19/23 06:35:46, Random seed: 15240224690815507680
08/19/23 06:35:46, Processing: factor(171737105398642886952850023587557331022400498172400869641426551638589932026649898397876829050302065185503267016434202639701993923587707811159987700892389251316474659535280313653455895504110202181248123584104740181548065437477883135586395419285367405510482984730579396853274696958317152079284544972182264385463 - 1)
08/19/23 06:35:47, Result    : 1
08/19/23 06:35:47, Processing: factor(106100642585441306659231092215520826696629132542273077958343764679155770250122358609663107630938585362851298476451646865414782901804279333798979560157253536320542486164083758273933045971956834335122097138913124651325662432603430010782343379229098017062153539965098342640625730371237503614435960627380518870019 - 1)
08/19/23 06:35:47, Result    : 1
08/19/23 06:36:27, =====================================
08/19/23 06:36:27, System/Build Info: 
08/19/23 06:36:27, detected AMD Athlon Silver 3050U with Radeon Graphics   
detected L1 = 32768 bytes, L2 = 4194304 bytes, CL = 64 bytes
08/19/23 06:36:27, using 1 random witness for Rabin-Miller PRP checks
08/19/23 06:36:27, Cached 664579 primes: max prime is 9999991
08/19/23 06:36:27, Could not parse yafu.ini from d:\Programming\Cyber Security

08/19/23 06:36:27, Random seed: 14392175861882139008
08/19/23 06:36:27, Processing: factor(145307154560364824803786910291376220144925433485456749234860661550241821577007692883727352293644084821374644888138895725394963751066534013057867434622907133065130704615450619099544461471521510285885579688810192279328794254606966579953451685095529696678371036497930644859594272802292641279942899589183373399783 - 1)
08/19/23 06:36:28, Result    : 1
08/19/23 06:36:28, Processing: factor(109381407256593518557548804997506729506623977903873577556074679433699268864649331788424771311505583999374109229041177665110539311173387527084420031112675751716822328116323213338644415279151938618966494437867980732996141297949923728443046989382884927412639412401838346411307787473715755457180724569207270577363 - 1)
08/19/23 06:36:28, Result    : 1
08/19/23 06:39:09, =====================================
08/19/23 06:39:09, System/Build Info: 
08/19/23 06:39:09, detected AMD Athlon Silver 3050U with Radeon Graphics   
detected L1 = 32768 bytes, L2 = 4194304 bytes, CL = 64 bytes
08/19/23 06:39:09, using 1 random witness for Rabin-Miller PRP checks
08/19/23 06:39:09, Cached 664579 primes: max prime is 9999991
08/19/23 06:39:09, Could not parse yafu.ini from d:\Programming\Cyber Security

08/19/23 06:39:09, Random seed: 16872407977325826344
08/19/23 06:39:09, Processing: factor(145307154560364824803786910291376220144925433485456749234860661550241821577007692883727352293644084821374644888138895725394963751066534013057867434622907133065130704615450619099544461471521510285885579688810192279328794254606966579953451685095529696678371036497930644859594272802292641279942899589183373399783 - 1)
08/19/23 06:39:10, Result    : 1
08/19/23 06:39:10, Processing: factor(109381407256593518557548804997506729506623977903873577556074679433699268864649331788424771311505583999374109229041177665110539311173387527084420031112675751716822328116323213338644415279151938618966494437867980732996141297949923728443046989382884927412639412401838346411307787473715755457180724569207270577363 - 1)
08/19/23 06:39:10, Result    : 1
08/19/23 06:39:27, =====================================
08/19/23 06:39:27, System/Build Info: 
08/19/23 06:39:27, detected AMD Athlon Silver 3050U with Radeon Graphics   
detected L1 = 32768 bytes, L2 = 4194304 bytes, CL = 64 bytes
08/19/23 06:39:27, using 1 random witness for Rabin-Miller PRP checks
08/19/23 06:39:27, Cached 664579 primes: max prime is 9999991
08/19/23 06:39:27, Could not parse yafu.ini from d:\Programming\Cyber Security

08/19/23 06:39:27, Random seed: 8602152763225884192
08/19/23 06:39:27, Processing: factor(145307154560364824803786910291376220144925433485456749234860661550241821577007692883727352293644084821374644888138895725394963751066534013057867434622907133065130704615450619099544461471521510285885579688810192279328794254606966579953451685095529696678371036497930644859594272802292641279942899589183373399783 - 1)
08/19/23 06:39:27, Result    : 1
08/19/23 06:39:27, Processing: factor(109381407256593518557548804997506729506623977903873577556074679433699268864649331788424771311505583999374109229041177665110539311173387527084420031112675751716822328116323213338644415279151938618966494437867980732996141297949923728443046989382884927412639412401838346411307787473715755457180724569207270577363 - 1)
08/19/23 06:39:28, Result    : 1
08/19/23 06:46:57, =====================================
08/19/23 06:46:57, System/Build Info: 
08/19/23 06:46:57, detected AMD Athlon Silver 3050U with Radeon Graphics   
detected L1 = 32768 bytes, L2 = 4194304 bytes, CL = 64 bytes
08/19/23 06:46:57, using 1 random witness for Rabin-Miller PRP checks
08/19/23 06:46:57, Cached 664579 primes: max prime is 9999991
08/19/23 06:46:57, Could not parse yafu.ini from d:\Programming\Cyber Security

08/19/23 06:46:57, Random seed: 16752456861477627440
08/19/23 06:46:57, Processing: factor(145307154560364824803786910291376220144925433485456749234860661550241821577007692883727352293644084821374644888138895725394963751066534013057867434622907133065130704615450619099544461471521510285885579688810192279328794254606966579953451685095529696678371036497930644859594272802292641279942899589183373399783 - 1)
08/19/23 06:46:58, Result    : 1
08/19/23 06:46:58, Processing: factor(109381407256593518557548804997506729506623977903873577556074679433699268864649331788424771311505583999374109229041177665110539311173387527084420031112675751716822328116323213338644415279151938618966494437867980732996141297949923728443046989382884927412639412401838346411307787473715755457180724569207270577363 - 1)
08/19/23 06:46:58, Result    : 1
08/19/23 06:47:23, =====================================
08/19/23 06:47:23, System/Build Info: 
08/19/23 06:47:23, detected AMD Athlon Silver 3050U with Radeon Graphics   
detected L1 = 32768 bytes, L2 = 4194304 bytes, CL = 64 bytes
08/19/23 06:47:23, using 1 random witness for Rabin-Miller PRP checks
08/19/23 06:47:23, Cached 664579 primes: max prime is 9999991
08/19/23 06:47:23, Could not parse yafu.ini from d:\Programming\Cyber Security

08/19/23 06:47:23, Random seed: 10456741268705951616
08/19/23 06:47:23, Processing: factor(145307154560364824803786910291376220144925433485456749234860661550241821577007692883727352293644084821374644888138895725394963751066534013057867434622907133065130704615450619099544461471521510285885579688810192279328794254606966579953451685095529696678371036497930644859594272802292641279942899589183373399783 - 1)
08/19/23 06:47:23, Result    : 1
08/19/23 06:47:23, Processing: factor(109381407256593518557548804997506729506623977903873577556074679433699268864649331788424771311505583999374109229041177665110539311173387527084420031112675751716822328116323213338644415279151938618966494437867980732996141297949923728443046989382884927412639412401838346411307787473715755457180724569207270577363 - 1)
08/19/23 06:47:24, Result    : 1
08/19/23 06:47:44, =====================================
08/19/23 06:47:44, System/Build Info: 
08/19/23 06:47:44, detected AMD Athlon Silver 3050U with Radeon Graphics   
detected L1 = 32768 bytes, L2 = 4194304 bytes, CL = 64 bytes
08/19/23 06:47:44, using 1 random witness for Rabin-Miller PRP checks
08/19/23 06:47:44, Cached 664579 primes: max prime is 9999991
08/19/23 06:47:44, Could not parse yafu.ini from d:\Programming\Cyber Security

08/19/23 06:47:44, Random seed: 2398764339100186960
08/19/23 06:47:44, Processing: factor(145307154560364824803786910291376220144925433485456749234860661550241821577007692883727352293644084821374644888138895725394963751066534013057867434622907133065130704615450619099544461471521510285885579688810192279328794254606966579953451685095529696678371036497930644859594272802292641279942899589183373399783 - 1)
08/19/23 06:47:44, Result    : 1
08/19/23 06:47:44, Processing: factor(109381407256593518557548804997506729506623977903873577556074679433699268864649331788424771311505583999374109229041177665110539311173387527084420031112675751716822328116323213338644415279151938618966494437867980732996141297949923728443046989382884927412639412401838346411307787473715755457180724569207270577363 - 1)
08/19/23 06:47:45, Result    : 1
08/19/23 06:48:41, =====================================
08/19/23 06:48:41, System/Build Info: 
08/19/23 06:48:41, detected AMD Athlon Silver 3050U with Radeon Graphics   
detected L1 = 32768 bytes, L2 = 4194304 bytes, CL = 64 bytes
08/19/23 06:48:41, using 1 random witness for Rabin-Miller PRP checks
08/19/23 06:48:41, Cached 664579 primes: max prime is 9999991
08/19/23 06:48:41, Could not parse yafu.ini from d:\Programming\Cyber Security

08/19/23 06:48:41, Random seed: 6591476546467120568
08/19/23 06:48:41, Processing: factor(145307154560364824803786910291376220144925433485456749234860661550241821577007692883727352293644084821374644888138895725394963751066534013057867434622907133065130704615450619099544461471521510285885579688810192279328794254606966579953451685095529696678371036497930644859594272802292641279942899589183373399783 - 1)
08/19/23 06:48:42, Result    : 1
08/19/23 06:48:42, Processing: factor(109381407256593518557548804997506729506623977903873577556074679433699268864649331788424771311505583999374109229041177665110539311173387527084420031112675751716822328116323213338644415279151938618966494437867980732996141297949923728443046989382884927412639412401838346411307787473715755457180724569207270577363 - 1)
08/19/23 06:48:42, Result    : 1
08/19/23 06:53:01, =====================================
08/19/23 06:53:01, System/Build Info: 
08/19/23 06:53:01, detected AMD Athlon Silver 3050U with Radeon Graphics   
detected L1 = 32768 bytes, L2 = 4194304 bytes, CL = 64 bytes
08/19/23 06:53:01, using 1 random witness for Rabin-Miller PRP checks
08/19/23 06:53:01, Cached 664579 primes: max prime is 9999991
08/19/23 06:53:01, Could not parse yafu.ini from d:\Programming\Cyber Security

08/19/23 06:53:01, Random seed: 10929767509830580312
08/19/23 06:53:01, Processing: factor(145307154560364824803786910291376220144925433485456749234860661550241821577007692883727352293644084821374644888138895725394963751066534013057867434622907133065130704615450619099544461471521510285885579688810192279328794254606966579953451685095529696678371036497930644859594272802292641279942899589183373399783 - 1)
08/19/23 06:53:01, Result    : 1
08/19/23 06:53:01, Processing: factor(109381407256593518557548804997506729506623977903873577556074679433699268864649331788424771311505583999374109229041177665110539311173387527084420031112675751716822328116323213338644415279151938618966494437867980732996141297949923728443046989382884927412639412401838346411307787473715755457180724569207270577363 - 1)
08/19/23 06:53:02, Result    : 1
08/19/23 06:53:52, =====================================
08/19/23 06:53:52, System/Build Info: 
08/19/23 06:53:52, detected AMD Athlon Silver 3050U with Radeon Graphics   
detected L1 = 32768 bytes, L2 = 4194304 bytes, CL = 64 bytes
08/19/23 06:53:52, using 1 random witness for Rabin-Miller PRP checks
08/19/23 06:53:52, Cached 664579 primes: max prime is 9999991
08/19/23 06:53:52, Could not parse yafu.ini from d:\Programming\Cyber Security

08/19/23 06:53:52, Random seed: 16670545766616557052
08/19/23 06:53:52, Processing: factor(145307154560364824803786910291376220144925433485456749234860661550241821577007692883727352293644084821374644888138895725394963751066534013057867434622907133065130704615450619099544461471521510285885579688810192279328794254606966579953451685095529696678371036497930644859594272802292641279942899589183373399783 - 1)
08/19/23 06:53:54, Result    : 1
08/19/23 06:53:54, Processing: factor(109381407256593518557548804997506729506623977903873577556074679433699268864649331788424771311505583999374109229041177665110539311173387527084420031112675751716822328116323213338644415279151938618966494437867980732996141297949923728443046989382884927412639412401838346411307787473715755457180724569207270577363 - 1)
08/19/23 06:53:54, Result    : 1
08/19/23 07:06:16, =====================================
08/19/23 07:06:16, System/Build Info: 
08/19/23 07:06:16, detected AMD Athlon Silver 3050U with Radeon Graphics   
detected L1 = 32768 bytes, L2 = 4194304 bytes, CL = 64 bytes
08/19/23 07:06:16, using 1 random witness for Rabin-Miller PRP checks
08/19/23 07:06:16, Cached 664579 primes: max prime is 9999991
08/19/23 07:06:16, Could not parse yafu.ini from d:\Programming\Cyber Security

08/19/23 07:06:16, Random seed: 16600254524642388936
08/19/23 07:06:16, Processing: factor(145307154560364824803786910291376220144925433485456749234860661550241821577007692883727352293644084821374644888138895725394963751066534013057867434622907133065130704615450619099544461471521510285885579688810192279328794254606966579953451685095529696678371036497930644859594272802292641279942899589183373399783 - 1)
08/19/23 07:06:16, Result    : 1
08/19/23 07:06:16, Processing: factor(109381407256593518557548804997506729506623977903873577556074679433699268864649331788424771311505583999374109229041177665110539311173387527084420031112675751716822328116323213338644415279151938618966494437867980732996141297949923728443046989382884927412639412401838346411307787473715755457180724569207270577363 - 1)
08/19/23 07:06:17, Result    : 1
08/19/23 07:06:50, =====================================
08/19/23 07:06:50, System/Build Info: 
08/19/23 07:06:50, detected AMD Athlon Silver 3050U with Radeon Graphics   
detected L1 = 32768 bytes, L2 = 4194304 bytes, CL = 64 bytes
08/19/23 07:06:50, using 1 random witness for Rabin-Miller PRP checks
08/19/23 07:06:50, Cached 664579 primes: max prime is 9999991
08/19/23 07:06:50, Could not parse yafu.ini from d:\Programming\Cyber Security

08/19/23 07:06:50, Random seed: 7591858726344970300
08/19/23 07:06:50, Processing: factor(145307154560364824803786910291376220144925433485456749234860661550241821577007692883727352293644084821374644888138895725394963751066534013057867434622907133065130704615450619099544461471521510285885579688810192279328794254606966579953451685095529696678371036497930644859594272802292641279942899589183373399783 - 1)
08/19/23 07:06:50, Result    : 1
08/19/23 07:06:50, Processing: factor(109381407256593518557548804997506729506623977903873577556074679433699268864649331788424771311505583999374109229041177665110539311173387527084420031112675751716822328116323213338644415279151938618966494437867980732996141297949923728443046989382884927412639412401838346411307787473715755457180724569207270577363 - 1)
08/19/23 07:06:51, Result    : 1
08/19/23 07:07:38, =====================================
08/19/23 07:07:38, System/Build Info: 
08/19/23 07:07:38, detected AMD Athlon Silver 3050U with Radeon Graphics   
detected L1 = 32768 bytes, L2 = 4194304 bytes, CL = 64 bytes
08/19/23 07:07:38, using 1 random witness for Rabin-Miller PRP checks
08/19/23 07:07:38, Cached 664579 primes: max prime is 9999991
08/19/23 07:07:38, Could not parse yafu.ini from d:\Programming\Cyber Security

08/19/23 07:07:38, Random seed: 15698504774898942732
08/19/23 07:07:38, Processing: factor(145307154560364824803786910291376220144925433485456749234860661550241821577007692883727352293644084821374644888138895725394963751066534013057867434622907133065130704615450619099544461471521510285885579688810192279328794254606966579953451685095529696678371036497930644859594272802292641279942899589183373399783 - 1)
08/19/23 07:07:38, Result    : 1
08/19/23 07:07:39, Processing: factor(109381407256593518557548804997506729506623977903873577556074679433699268864649331788424771311505583999374109229041177665110539311173387527084420031112675751716822328116323213338644415279151938618966494437867980732996141297949923728443046989382884927412639412401838346411307787473715755457180724569207270577363 - 1)
08/19/23 07:07:39, Result    : 1
