08/13/23 22:54:37, 
08/13/23 22:54:37, ****************************
08/13/23 22:54:37, Starting factorization of 14946682423812503618377977395537496044314832394454823798192216383890991185920681813880246381077389645642425804822787162475627030037340278741135009376822575603555939950553911312112660894137044917722827816512535147271446142134354038158189441589127320072676112995528769437411106511964498316687412314986199319243868146350116079480124358829412340905726657915517112230303483678135560485895398913554146897955071164991394022547112664098939867171089768591223410284368117536039223177629130277503326502208408995134980701794947018770178441280174182437596080512515765554729565129602923337956004901793120664103103216846285820974519
08/13/23 22:54:37, using pretesting plan: normal
08/13/23 22:54:37, no tune info: using qs/gnfs crossover of 95 digits
08/13/23 22:54:37, no tune info: using qs/snfs crossover of 75 digits
08/13/23 22:54:37, ****************************
08/13/23 22:54:37, Fermat method found factors:
08/13/23 22:54:37, c309 = 122256625275739161547874776456541771694455411067432292470809823273170397187505749519922102873453692996198347315736336549229980177281179538244853395443589142813550026580157364838357106307229691042166411479633161433274179514468828958615170638707571053176858802886010412972276449173426859086640667175614919772503
08/13/23 22:54:37, c309 = 122256625275739161547874776456541771694455411067432292470809823273170397187505749519922102873453692996198347315736336549229980177281179538244853395443588091190830497029447314346672166678229745162082024372934381706090970094036167523833852737388424783534538296903173504240546961271721049890488780129993071360673
08/13/23 22:54:37, 
08/13/23 22:54:37, ****************************
08/13/23 22:54:37, Starting factorization of 122256625275739161547874776456541771694455411067432292470809823273170397187505749519922102873453692996198347315736336549229980177281179538244853395443589142813550026580157364838357106307229691042166411479633161433274179514468828958615170638707571053176858802886010412972276449173426859086640667175614919772503
08/13/23 22:54:37, using pretesting plan: normal
08/13/23 22:54:37, no tune info: using qs/gnfs crossover of 95 digits
08/13/23 22:54:37, no tune info: using qs/snfs crossover of 75 digits
08/13/23 22:54:37, ****************************
08/13/23 22:54:37, rho: x^2 + 3, starting 1000 iterations on C309
08/13/23 22:54:38, rho: x^2 + 2, starting 1000 iterations on C309
08/13/23 22:54:38, rho: x^2 + 1, starting 1000 iterations on C309
08/13/23 22:54:39, pm1: starting B1 = 150K, B2 = gmp-ecm default on C309
08/13/23 22:54:40, current ECM pretesting depth: 0.000000
08/13/23 22:54:40, scheduled 30 curves at B1=2000 toward target pretesting depth of 95.076923
08/13/23 22:54:41, Finished 30 curves using GMP-ECM method on C309 input, B1=2k, B2=gmp-ecm default
08/13/23 22:54:41, current ECM pretesting depth: 15.177725
08/13/23 22:54:41, scheduled 74 curves at B1=11000 toward target pretesting depth of 95.076923
08/13/23 22:54:53, Finished 74 curves using GMP-ECM method on C309 input, B1=11k, B2=gmp-ecm default
08/13/23 22:54:53, current ECM pretesting depth: 20.242996
08/13/23 22:54:53, scheduled 214 curves at B1=50000 toward target pretesting depth of 95.076923
08/13/23 22:56:52, Finished 214 curves using GMP-ECM method on C309 input, B1=50k, B2=gmp-ecm default
08/13/23 22:56:52, pm1: starting B1 = 3750K, B2 = gmp-ecm default on C309
08/13/23 22:56:56, current ECM pretesting depth: 25.332854
08/13/23 22:56:56, scheduled 430 curves at B1=250000 toward target pretesting depth of 95.076923
08/13/23 23:14:40, Finished 430 curves using GMP-ECM method on C309 input, B1=250k, B2=gmp-ecm default
08/13/23 23:14:40, pm1: starting B1 = 15M, B2 = gmp-ecm default on C309
08/13/23 23:14:55, current ECM pretesting depth: 30.453325
08/13/23 23:14:55, scheduled 904 curves at B1=1000000 toward target pretesting depth of 95.076923
08/14/23 01:44:29, Finished 904 curves using GMP-ECM method on C309 input, B1=1M, B2=gmp-ecm default
08/14/23 01:44:29, current ECM pretesting depth: 35.555956
08/14/23 01:44:29, scheduled 2350 curves at B1=3000000 toward target pretesting depth of 95.076923
